This is LuaTeX, Version beta-0.80.0 (TeX Live 2015/Debian) (rev 5238)  (format=lualatex 2019.3.8)  20 MAR 2019 15:53
 restricted \write18 enabled.
**main.tex
(./main.tex
LaTeX2e <2016/02/01>
Babel <3.9q> and hyphenation patterns for 1 language(s) loaded.
(/usr/share/texlive/texmf-dist/tex/latex/extsizes/extarticle.cls
Document Class: extarticle 1996/10/08 v1.0 Non Standard LaTeX document class
(/usr/share/texlive/texmf-dist/tex/latex/extsizes/size14.clo
File: size14.clo 1999/11/11 v1.4a NON-Standard LaTeX file (size option)
)
(/usr/share/texlive/texmf-dist/tex/latex/base/exscale.sty
Package: exscale 2014/09/29 v2.1h Standard LaTeX package exscale
LaTeX Font Info:    Redeclaring symbol font `largesymbols' on input line 57.
LaTeX Font Info:    Overwriting symbol font `largesymbols' in version `normal'
(Font)                  OMX/cmex/m/n --> OMX/cmex/m/n on input line 57.
LaTeX Font Info:    Overwriting symbol font `largesymbols' in version `bold'
(Font)                  OMX/cmex/m/n --> OMX/cmex/m/n on input line 57.
\big@size=\dimen102
)
\c@part=\count79
\c@section=\count80
\c@subsection=\count81
\c@subsubsection=\count82
\c@paragraph=\count83
\c@subparagraph=\count84
\c@figure=\count85
\c@table=\count86
\abovecaptionskip=\skip41
\belowcaptionskip=\skip42
\bibindent=\dimen103
)
(/usr/share/texlive/texmf-dist/tex/latex/graphics/graphicx.sty
Package: graphicx 2014/10/28 v1.0g Enhanced LaTeX Graphics (DPC,SPQR)

(/usr/share/texlive/texmf-dist/tex/latex/graphics/keyval.sty
Package: keyval 2014/10/28 v1.15 key=value parser (DPC)
\KV@toks@=\toks14
)
(/usr/share/texlive/texmf-dist/tex/latex/graphics/graphics.sty
Package: graphics 2016/01/03 v1.0q Standard LaTeX Graphics (DPC,SPQR)

(/usr/share/texlive/texmf-dist/tex/latex/graphics/trig.sty
Package: trig 2016/01/03 v1.10 sin cos tan (DPC)
)
(/usr/share/texlive/texmf-dist/tex/latex/latexconfig/graphics.cfg
File: graphics.cfg 2010/04/23 v1.9 graphics configuration of TeX Live
)
Package graphics Info: Driver file: pdftex.def on input line 95.

(/usr/share/texlive/texmf-dist/tex/latex/pdftex-def/pdftex.def
File: pdftex.def 2011/05/27 v0.06d Graphics/color for pdfTeX

(/usr/share/texlive/texmf-dist/tex/generic/oberdiek/infwarerr.sty
Package: infwarerr 2010/04/08 v1.3 Providing info/warning/error messages (HO)
)
(/usr/share/texlive/texmf-dist/tex/generic/oberdiek/ltxcmds.sty
Package: ltxcmds 2011/11/09 v1.22 LaTeX kernel commands for general use (HO)
)
\Gread@gobject=\count87
))
\Gin@req@height=\dimen104
\Gin@req@width=\dimen105
)
(/usr/share/texlive/texmf-dist/tex/latex/float/float.sty
Package: float 2001/11/08 v1.3d Float enhancements (AL)
\c@float@type=\count88
\float@exts=\toks15
\float@box=\box26
\@float@everytoks=\toks16
\@floatcapt=\box27
)
(/usr/share/texlive/texmf-dist/tex/latex/geometry/geometry.sty
Package: geometry 2010/09/12 v5.6 Page Geometry

(/usr/share/texlive/texmf-dist/tex/generic/oberdiek/ifpdf.sty
Package: ifpdf 2011/01/30 v2.3 Provides the ifpdf switch (HO)
Package ifpdf Info: pdfTeX in PDF mode is detected.
)
(/usr/share/texlive/texmf-dist/tex/generic/oberdiek/ifvtex.sty
Package: ifvtex 2010/03/01 v1.5 Detect VTeX and its facilities (HO)
Package ifvtex Info: VTeX not detected.
)
(/usr/share/texlive/texmf-dist/tex/generic/ifxetex/ifxetex.sty
Package: ifxetex 2010/09/12 v0.6 Provides ifxetex conditional
)
\Gm@cnth=\count89
\Gm@cntv=\count90
\c@Gm@tempcnt=\count91
\Gm@bindingoffset=\dimen106
\Gm@wd@mp=\dimen107
\Gm@odd@mp=\dimen108
\Gm@even@mp=\dimen109
\Gm@layoutwidth=\dimen110
\Gm@layoutheight=\dimen111
\Gm@layouthoffset=\dimen112
\Gm@layoutvoffset=\dimen113
\Gm@dimlist=\toks17
)
(/usr/share/texlive/texmf-dist/tex/latex/amscls/amsthm.sty
Package: amsthm 2015/03/04 v2.20.2
\thm@style=\toks18
\thm@bodyfont=\toks19
\thm@headfont=\toks20
\thm@notefont=\toks21
\thm@headpunct=\toks22
\thm@preskip=\skip43
\thm@postskip=\skip44
\thm@headsep=\skip45
\dth@everypar=\toks23
)
(/usr/share/texlive/texmf-dist/tex/latex/amsmath/amsmath.sty
Package: amsmath 2016/03/03 v2.15a AMS math features
\@mathmargin=\skip46

For additional information on amsmath, use the `?' option.
(/usr/share/texlive/texmf-dist/tex/latex/amsmath/amstext.sty
Package: amstext 2000/06/29 v2.01 AMS text

(/usr/share/texlive/texmf-dist/tex/latex/amsmath/amsgen.sty
File: amsgen.sty 1999/11/30 v2.0 generic functions
\@emptytoks=\toks24
\ex@=\dimen114
))
(/usr/share/texlive/texmf-dist/tex/latex/amsmath/amsbsy.sty
Package: amsbsy 1999/11/29 v1.2d Bold Symbols
\pmbraise@=\dimen115
)
(/usr/share/texlive/texmf-dist/tex/latex/amsmath/amsopn.sty
Package: amsopn 1999/12/14 v2.01 operator names
)
\inf@bad=\count92
LaTeX Info: Redefining \frac on input line 199.
\uproot@=\count93
\leftroot@=\count94
LaTeX Info: Redefining \overline on input line 297.
\classnum@=\count95
\DOTSCASE@=\count96
LaTeX Info: Redefining \ldots on input line 394.
LaTeX Info: Redefining \dots on input line 397.
LaTeX Info: Redefining \cdots on input line 518.
\Mathstrutbox@=\box28
\strutbox@=\box29
\big@size=\dimen116
LaTeX Font Info:    Redeclaring font encoding OML on input line 630.
LaTeX Font Info:    Redeclaring font encoding OMS on input line 631.
\macc@depth=\count97
\c@MaxMatrixCols=\count98
\dotsspace@=\muskip10
\c@parentequation=\count99
\dspbrk@lvl=\count100
\tag@help=\toks25
\row@=\count101
\column@=\count102
\maxfields@=\count103
\andhelp@=\toks26
\eqnshift@=\dimen117
\alignsep@=\dimen118
\tagshift@=\dimen119
\tagwidth@=\dimen120
\totwidth@=\dimen121
\lineht@=\dimen122
\@envbody=\toks27
\multlinegap=\skip47
\multlinetaggap=\skip48
\mathdisplay@stack=\toks28
LaTeX Info: Redefining \[ on input line 2735.
LaTeX Info: Redefining \] on input line 2736.
)
(/usr/share/texlive/texmf-dist/tex/latex/amsfonts/amssymb.sty
Package: amssymb 2013/01/14 v3.01 AMS font symbols

(/usr/share/texlive/texmf-dist/tex/latex/amsfonts/amsfonts.sty
Package: amsfonts 2013/01/14 v3.01 Basic AMSFonts support
\symAMSa=\mathgroup4
\symAMSb=\mathgroup5
LaTeX Font Info:    Overwriting math alphabet `\mathfrak' in version `bold'
(Font)                  U/euf/m/n --> U/euf/b/n on input line 106.
))
(/usr/share/texlive/texmf-dist/tex/latex/unicode-math/unicode-math.sty
Package: unicode-math 2015/09/24 v0.8c Unicode maths in XeLaTeX and LuaLaTeX

(/usr/share/texlive/texmf-dist/tex/generic/oberdiek/ifluatex.sty
Package: ifluatex 2010/03/01 v1.3 Provides the ifluatex switch (HO)
Package ifluatex Info: LuaTeX detected.
)
(/usr/share/texlive/texmf-dist/tex/latex/l3kernel/expl3.sty
Package: expl3 2016/01/19 v6377 L3 programming layer (loader) 

(/usr/share/texlive/texmf-dist/tex/latex/l3kernel/expl3-code.tex
Package: expl3 2016/01/19 v6377 L3 programming layer (code)
L3 Module: l3bootstrap 2016/01/01 v6339 L3 Bootstrap code
\ucharcat@table=\catcodetable5
L3 Module: l3names 2015/12/21 v6328 L3 Namespace for primitives
L3 Module: l3basics 2015/11/22 v6315 L3 Basic definitions
L3 Module: l3expan 2015/09/10 v5983 L3 Argument expansion
L3 Module: l3tl 2015/09/29 v6121 L3 Token lists
L3 Module: l3str 2016/01/03 v6357 L3 Strings
L3 Module: l3seq 2015/08/05 v5777 L3 Sequences and stacks
L3 Module: l3int 2016/01/05 v6366 L3 Integers
\c_max_int=\count104
\l_tmpa_int=\count105
\l_tmpb_int=\count106
\g_tmpa_int=\count107
\g_tmpb_int=\count108
L3 Module: l3quark 2015/08/17 v5855 L3 Quarks
L3 Module: l3prg 2015/11/01 v6216 L3 Control structures
\g__prg_map_int=\count109
L3 Module: l3clist 2015/09/02 v5901 L3 Comma separated lists
L3 Module: l3token 2015/11/11 v6249 L3 Experimental token manipulation
L3 Module: l3prop 2016/01/05 v6366 L3 Property lists
L3 Module: l3msg 2015/09/28 v6113 L3 Messages
L3 Module: l3file 2015/12/03 v6317 L3 File and I/O operations
\l_iow_line_count_int=\count110
\l__iow_target_count_int=\count111
\l__iow_current_line_int=\count112
\l__iow_current_word_int=\count113
\l__iow_current_indentation_int=\count114
L3 Module: l3skip 2016/01/05 v6366 L3 Dimensions and skips
\c_zero_dim=\dimen123
\c_max_dim=\dimen124
\l_tmpa_dim=\dimen125
\l_tmpb_dim=\dimen126
\g_tmpa_dim=\dimen127
\g_tmpb_dim=\dimen128
\c_zero_skip=\skip49
\c_max_skip=\skip50
\l_tmpa_skip=\skip51
\l_tmpb_skip=\skip52
\g_tmpa_skip=\skip53
\g_tmpb_skip=\skip54
\c_zero_muskip=\muskip11
\c_max_muskip=\muskip12
\l_tmpa_muskip=\muskip13
\l_tmpb_muskip=\muskip14
\g_tmpa_muskip=\muskip15
\g_tmpb_muskip=\muskip16
L3 Module: l3keys 2015/11/17 v6284 L3 Key-value interfaces
\g__keyval_level_int=\count115
\l_keys_choice_int=\count116
L3 Module: l3fp 2015/08/25 v5890 L3 Floating points
\c__fp_leading_shift_int=\count117
\c__fp_middle_shift_int=\count118
\c__fp_trailing_shift_int=\count119
\c__fp_big_leading_shift_int=\count120
\c__fp_big_middle_shift_int=\count121
\c__fp_big_trailing_shift_int=\count122
\c__fp_Bigg_leading_shift_int=\count123
\c__fp_Bigg_middle_shift_int=\count124
\c__fp_Bigg_trailing_shift_int=\count125
L3 Module: l3box 2015/08/09 v5822 L3 Experimental boxes
\c_empty_box=\box30
\l_tmpa_box=\box31
\l_tmpb_box=\box32
\g_tmpa_box=\box33
\g_tmpb_box=\box34
L3 Module: l3coffins 2015/08/06 v5789 L3 Coffin code layer
\l__coffin_internal_box=\box35
\l__coffin_internal_dim=\dimen129
\l__coffin_offset_x_dim=\dimen130
\l__coffin_offset_y_dim=\dimen131
\l__coffin_x_dim=\dimen132
\l__coffin_y_dim=\dimen133
\l__coffin_x_prime_dim=\dimen134
\l__coffin_y_prime_dim=\dimen135
\c_empty_coffin=\box36
\l__coffin_aligned_coffin=\box37
\l__coffin_aligned_internal_coffin=\box38
\l_tmpa_coffin=\box39
\l_tmpb_coffin=\box40
\l__coffin_display_coffin=\box41
\l__coffin_display_coord_coffin=\box42
\l__coffin_display_pole_coffin=\box43
\l__coffin_display_offset_dim=\dimen136
\l__coffin_display_x_dim=\dimen137
\l__coffin_display_y_dim=\dimen138
L3 Module: l3color 2014/08/23 v5354 L3 Experimental color support
L3 Module: l3sys 2015/09/25 v6087 L3 Experimental system/runtime functions
L3 Module: l3candidates 2016/01/14 v6376 L3 Experimental additions to l3kernel
\l__box_top_dim=\dimen139
\l__box_bottom_dim=\dimen140
\l__box_left_dim=\dimen141
\l__box_right_dim=\dimen142
\l__box_top_new_dim=\dimen143
\l__box_bottom_new_dim=\dimen144
\l__box_left_new_dim=\dimen145
\l__box_right_new_dim=\dimen146
\l__box_internal_box=\box44
\l__coffin_bounding_shift_dim=\dimen147
\l__coffin_left_corner_dim=\dimen148
\l__coffin_right_corner_dim=\dimen149
\l__coffin_bottom_corner_dim=\dimen150
\l__coffin_top_corner_dim=\dimen151
\l__coffin_scaled_total_height_dim=\dimen152
\l__coffin_scaled_width_dim=\dimen153
L3 Module: l3luatex 2015/11/11 v6250 L3 Experimental LuaTeX-specific functions
)
(/usr/share/texlive/texmf-dist/tex/latex/l3kernel/l3pdfmode.def
File: l3pdfmode.def 2015/11/11 v6250 L3 Experimental driver: PDF mode
\l__driver_color_stack_int=\count126
))
(/usr/share/texlive/texmf-dist/tex/latex/ucharcat/ucharcat.sty
Package: ucharcat 2015/11/19 v0.03 ucharcat for luaLaTeX (DPC)
\ucharcat@table=\catcodetable6
)
(/usr/share/texlive/texmf-dist/tex/latex/l3packages/xparse/xparse.sty
Package: xparse 2016/01/19 v6377 L3 Experimental document command parser
\l__xparse_current_arg_int=\count127
\l__xparse_m_args_int=\count128
\l__xparse_mandatory_args_int=\count129
\l__xparse_processor_int=\count130
\l__xparse_v_nesting_int=\count131
)
(/usr/share/texlive/texmf-dist/tex/latex/l3packages/l3keys2e/l3keys2e.sty
Package: l3keys2e 2016/01/19 v6377 LaTeX2e option processing using LaTeX3 keys
)
(/usr/share/texlive/texmf-dist/tex/latex/fontspec/fontspec.sty
Package: fontspec 2016/02/01 v2.5a Font selection for XeLaTeX and LuaLaTeX

(/usr/share/texlive/texmf-dist/tex/luatex/luaotfload/luaotfload.sty
Package: luaotfload 2015/12/09 v2.6 OpenType layout system
Lua module: luaotfload-main 2015/12/09 2.60001 OpenType layout system.
Lua module: lualibs 2015-12-02 2.3 ConTeXt Lua standard libraries.
Lua module: lualibs-extended 2015-12-02 2.3 ConTeXt Lua libraries -- extended co
llection.(using write cache: /home/andrey/.texmf-var/luatex-cache/generic)(using
 read cache: /var/lib/texmf/luatex-cache/generic /home/andrey/.texmf-var/luatex-
cache/generic)
luaotfload | conf : Root cache directory is /home/andrey/.texmf-var/luatex-cache
/generic/names.
luaotfload | init : Loading fontloader “fontloader-2016-02-12.lua” from kpse
-resolved path “/usr/share/texlive/texmf-dist/tex/luatex/luaotfload/fontloader
-2016-02-12.lua”.
Lua-only attribute luaotfload@state = 1
Lua-only attribute luaotfload@cursbase = 2
Lua-only attribute luaotfload@noligature = 3
luaotfload | init : Context OpenType loader version “2.82”
Inserting `luaotfload.node_processor' at position 1 in `pre_linebreak_filter'.
Inserting `luaotfload.node_processor' at position 1 in `hpack_filter'.
Inserting `luaotfload.define_font' at position 1 in `define_font'.
Lua-only attribute luaotfload_color_attribute = 4
luaotfload | conf : Root cache directory is /home/andrey/.texmf-var/luatex-cache
/generic/names.
Inserting `luaotfload.aux.set_sscale_dimens' at position 1 in `luaotfload.patch_
font'.
Inserting `luaotfload.aux.patch_cambria_domh' at position 2 in `luaotfload.patch
_font'.
Inserting `luaotfload.aux.fixup_fontdata' at position 1 in `luaotfload.patch_fon
t_unsafe'.
Inserting `luaotfload.aux.set_capheight' at position 3 in `luaotfload.patch_font
'.
Inserting `luaotfload.rewrite_fontname' at position 4 in `luaotfload.patch_font'
.
luaotfload | main : initialization completed in 0.056 seconds)
Lua module: fontspec 2016/02/01 2.5a Advanced font selection for LuaLaTeX.
(/usr/share/texlive/texmf-dist/tex/latex/fontspec/fontspec-luatex.sty
Package: fontspec-luatex 2016/02/01 v2.5a Font selection for XeLaTeX and LuaLaTe
X
\l_fontspec_script_int=\count132
\l_fontspec_language_int=\count133
\l_fontspec_strnum_int=\count134
\l__fontspec_tmpa_dim=\dimen154
\l__fontspec_tmpb_dim=\dimen155
\l__fontspec_tmpc_dim=\dimen156
\g__file_internal_ior=\read1

(/usr/share/texlive/texmf-dist/tex/latex/base/fontenc.sty
Package: fontenc 2005/09/27 v1.99g Standard LaTeX package

(/usr/share/texlive/texmf-dist/tex/latex/euenc/eu2enc.def
File: eu2enc.def 2010/05/27 v0.1h Experimental Unicode font encodings
)
LaTeX Font Info:    Try loading font information for EU2+lmr on input line 105.

(/usr/share/texlive/texmf-dist/tex/latex/euenc/eu2lmr.fd
File: eu2lmr.fd 2009/10/30 v1.6 Font defs for Latin Modern
)
luaotfload | db : Font names database loaded from /home/andrey/.texmf-var/luatex
-cache/generic/names/luaotfload-names.luc(compiling luc: /var/lib/texmf/luatex-c
ache/generic/fonts/otf/lmroman10-regular.luc)(load luc: /home/andrey/.texmf-var/
luatex-cache/generic/fonts/otf/lmroman10-regular.luc))(compiling luc: /var/lib/t
exmf/luatex-cache/generic/fonts/otf/lmroman12-regular.luc)(load luc: /home/andre
y/.texmf-var/luatex-cache/generic/fonts/otf/lmroman12-regular.luc) (/usr/share/
texlive/texmf-dist/tex/xelatex/xunicode/xunicode.sty
File: xunicode.sty 2011/09/09 v0.981 provides access to latin accents and many o
ther characters in Unicode lower plane

(/usr/share/texmf/tex/latex/tipa/t3enc.def
File: t3enc.def 2001/12/31 T3 encoding
(compiling luc: /var/lib/texmf/luatex-cache/generic/fonts/otf/lmromanslant12-reg
ular.luc)(load luc: /home/andrey/.texmf-var/luatex-cache/generic/fonts/otf/lmrom
anslant12-regular.luc)(compiling luc: /var/lib/texmf/luatex-cache/generic/fonts/
otf/lmroman12-italic.luc)(load luc: /home/andrey/.texmf-var/luatex-cache/generic
/fonts/otf/lmroman12-italic.luc)(compiling luc: /var/lib/texmf/luatex-cache/gene
ric/fonts/otf/lmroman12-bold.luc)(load luc: /home/andrey/.texmf-var/luatex-cache
/generic/fonts/otf/lmroman12-bold.luc)
LaTeX Font Info:    Try loading font information for EU2+lmss on input line 357.

(/usr/share/texlive/texmf-dist/tex/latex/euenc/eu2lmss.fd
File: eu2lmss.fd 2009/10/30 v1.6 Font defs for Latin Modern
)(compiling luc: /var/lib/texmf/luatex-cache/generic/fonts/otf/lmsans12-regular.
luc)(load luc: /home/andrey/.texmf-var/luatex-cache/generic/fonts/otf/lmsans12-r
egular.luc))
\tipaTiiicode=\count135
\tipasavetokens=\toks29
\tipachecktokens=\toks30
)
.................................................
. LaTeX info: "xparse/define-command"
. 
. Defining command \__fontspec_post_arg:w with sig. 'mmO{}' on line 356.
.................................................
.................................................
. LaTeX info: "xparse/define-command"
. 
. Defining command \fontspec with sig. 'om' on line 358.
.................................................
.................................................
. LaTeX info: "xparse/define-command"
. 
. Defining command \setmainfont with sig. 'om' on line 368.
.................................................
.................................................
. LaTeX info: "xparse/define-command"
. 
. Defining command \setsansfont with sig. 'om' on line 378.
.................................................
.................................................
. LaTeX info: "xparse/define-command"
. 
. Defining command \setmonofont with sig. 'om' on line 388.
.................................................
.................................................
. LaTeX info: "xparse/define-command"
. 
. Defining command \setmathrm with sig. 'om' on line 402.
.................................................
.................................................
. LaTeX info: "xparse/define-command"
. 
. Defining command \setboldmathrm with sig. 'om' on line 410.
.................................................
.................................................
. LaTeX info: "xparse/define-command"
. 
. Defining command \setmathsf with sig. 'om' on line 418.
.................................................
.................................................
. LaTeX info: "xparse/define-command"
. 
. Defining command \setmathtt with sig. 'om' on line 426.
.................................................
.................................................
. LaTeX info: "xparse/define-command"
. 
. Defining command \newfontfamily with sig. 'mom' on line 440.
.................................................
.................................................
. LaTeX info: "xparse/define-command"
. 
. Defining command \newfontface with sig. 'mom' on line 456.
.................................................
.................................................
. LaTeX info: "xparse/define-command"
. 
. Defining command \defaultfontfeatures with sig. 't+om' on line 470.
.................................................
.................................................
. LaTeX info: "xparse/define-command"
. 
. Defining command \addfontfeatures with sig. 'm' on line 533.
.................................................
.................................................
. LaTeX info: "xparse/define-command"
. 
. Defining command \newfontfeature with sig. 'mm' on line 544.
.................................................
.................................................
. LaTeX info: "xparse/define-command"
. 
. Defining command \newAATfeature with sig. 'mmmm' on line 552.
.................................................
.................................................
. LaTeX info: "xparse/define-command"
. 
. Defining command \newopentypefeature with sig. 'mmm' on line 560.
.................................................
.................................................
. LaTeX info: "xparse/define-command"
. 
. Defining command \aliasfontfeature with sig. 'mm' on line 581.
.................................................
.................................................
. LaTeX info: "xparse/define-command"
. 
. Defining command \aliasfontfeatureoption with sig. 'mmm' on line 590.
.................................................
.................................................
. LaTeX info: "xparse/define-command"
. 
. Defining command \newfontscript with sig. 'mm' on line 594.
.................................................
.................................................
. LaTeX info: "xparse/define-command"
. 
. Defining command \newfontlanguage with sig. 'mm' on line 598.
.................................................
.................................................
. LaTeX info: "xparse/define-command"
. 
. Defining command \DeclareFontsExtensions with sig. 'm' on line 603.
.................................................
\l__fontspec_tmp_int=\count136

(/usr/share/texlive/texmf-dist/tex/latex/fontspec/fontspec.cfg)
LaTeX Info: Redefining \itshape on input line 2629.
LaTeX Info: Redefining \slshape on input line 2634.
LaTeX Info: Redefining \scshape on input line 2639.
LaTeX Info: Redefining \upshape on input line 2644.
\l__fontspec_em_int=\count137
\l__fontspec_emdef_int=\count138
LaTeX Info: Redefining \em on input line 2660.
LaTeX Info: Redefining \emph on input line 2666.
LaTeX Info: Redefining \- on input line 2670.
.................................................
. LaTeX info: "xparse/redefine-command"
. 
. Redefining command \oldstylenums with sig. 'm' on line 2765.
.................................................
.................................................
. LaTeX info: "xparse/define-command"
. 
. Defining command \liningnums with sig. 'm' on line 2769.
.................................................
))
(/usr/share/texlive/texmf-dist/tex/latex/base/fix-cm.sty
Package: fix-cm 2015/01/14 v1.1t fixes to LaTeX

(/usr/share/texlive/texmf-dist/tex/latex/base/ts1enc.def
File: ts1enc.def 2001/06/05 v3.0e (jk/car/fm) Standard LaTeX file
))
(/usr/share/texlive/texmf-dist/tex/latex/filehook/filehook.sty
Package: filehook 2011/10/12 v0.5d Hooks for input files
)
\g__um_fam_int=\count139
\g__um_primekern_muskip=\muskip17
\l__um_primecount_int=\count140
.................................................
. LaTeX info: "xparse/define-command"
. 
. Defining command \unimathsetup with sig. 'm' on line 168.
.................................................

(/usr/share/texlive/texmf-dist/tex/latex/unicode-math/unicode-math-luatex.sty
(/usr/share/texlive/texmf-dist/tex/lualatex/lualatex-math/lualatex-math.sty
Package: lualatex-math 2015/09/22 v1.5 Patches for mathematics typesetting with 
LuaLaTeX

(/usr/share/texlive/texmf-dist/tex/latex/etoolbox/etoolbox.sty
Package: etoolbox 2015/08/02 v2.2a e-TeX tools for LaTeX (JAW)
\etb@tempcnta=\count141
)
Lua module: lualatex-math 2013/08/03 1.3 Patches for mathematics typesetting wit
h LuaLaTeX
.................................................
. lualatex-math info: "patch-macro"
. 
. I'm going to patch macro \subarray.
.................................................
.................................................
. lualatex-math info: "patch-macro"
. 
. I'm going to patch macro \frac .
.................................................
.................................................
. lualatex-math info: "patch-macro"
. 
. I'm going to patch macro \@genfrac.
.................................................
.................................................
. lualatex-math info: "patch-macro"
. 
. I'm going to patch macro \newmcodes@.
.................................................
)
.................................................
. LaTeX info: "xparse/define-command"
. 
. Defining command \setmathfontface with sig. 'mO{}mO{}' on line 167.
.................................................
.................................................
. LaTeX info: "xparse/define-command"
. 
. Defining command \setoperatorfont with sig. 'm' on line 171.
.................................................
.................................................
. LaTeX info: "xparse/define-command"
. 
. Defining command \setmathfont with sig. 'O{}mO{}' on line 280.
.................................................
.................................................
. LaTeX info: "xparse/define-command"
. 
. Defining command \addnolimits with sig. 'm' on line 523.
.................................................
.................................................
. LaTeX info: "xparse/define-command"
. 
. Defining command \removenolimits with sig. 'm' on line 527.
.................................................

(/usr/share/texlive/texmf-dist/tex/latex/unicode-math/unicode-math-table.tex)
.................................................
. unicode-math info: "patch-macro"
. 
. I'm going to patch macro \plainroot@.
.................................................
.................................................
. unicode-math info: "patch-macro"
. 
. I'm going to patch macro \r@@t.
.................................................
))
(/usr/share/texlive/texmf-dist/tex/latex/parskip/parskip.sty
Package: parskip 2001/04/09 non-zero parskip adjustments
)
(/usr/share/texlive/texmf-dist/tex/latex/pgf/frontendlayer/tikz.sty
(/usr/share/texlive/texmf-dist/tex/latex/pgf/basiclayer/pgf.sty
(/usr/share/texlive/texmf-dist/tex/latex/pgf/utilities/pgfrcs.sty
(/usr/share/texlive/texmf-dist/tex/generic/pgf/utilities/pgfutil-common.tex
\pgfutil@everybye=\toks31
\pgfutil@tempdima=\dimen157
\pgfutil@tempdimb=\dimen158

(/usr/share/texlive/texmf-dist/tex/generic/pgf/utilities/pgfutil-common-lists.t
ex)) (/usr/share/texlive/texmf-dist/tex/generic/pgf/utilities/pgfutil-latex.def
\pgfutil@abb=\box45
(/usr/share/texlive/texmf-dist/tex/latex/ms/everyshi.sty
Package: everyshi 2001/05/15 v3.00 EveryShipout Package (MS)
))
(/usr/share/texlive/texmf-dist/tex/generic/pgf/utilities/pgfrcs.code.tex
Package: pgfrcs 2015/08/07 v3.0.1a (rcs-revision 1.31)
))
Package: pgf 2015/08/07 v3.0.1a (rcs-revision 1.15)

(/usr/share/texlive/texmf-dist/tex/latex/pgf/basiclayer/pgfcore.sty
(/usr/share/texlive/texmf-dist/tex/latex/pgf/systemlayer/pgfsys.sty
(/usr/share/texlive/texmf-dist/tex/generic/pgf/systemlayer/pgfsys.code.tex
Package: pgfsys 2014/07/09 v3.0.1a (rcs-revision 1.48)

(/usr/share/texlive/texmf-dist/tex/generic/pgf/utilities/pgfkeys.code.tex
\pgfkeys@pathtoks=\toks32
\pgfkeys@temptoks=\toks33

(/usr/share/texlive/texmf-dist/tex/generic/pgf/utilities/pgfkeysfiltered.code.t
ex
\pgfkeys@tmptoks=\toks34
))
\pgf@x=\dimen159
\pgf@y=\dimen160
\pgf@xa=\dimen161
\pgf@ya=\dimen162
\pgf@xb=\dimen163
\pgf@yb=\dimen164
\pgf@xc=\dimen165
\pgf@yc=\dimen166
\w@pgf@writea=\write3
\r@pgf@reada=\read2
\c@pgf@counta=\count142
\c@pgf@countb=\count143
\c@pgf@countc=\count144
\c@pgf@countd=\count145
\t@pgf@toka=\toks35
\t@pgf@tokb=\toks36
\t@pgf@tokc=\toks37
 (/usr/share/texlive/texmf-dist/tex/generic/pgf/systemlayer/pgf.cfg
File: pgf.cfg 2008/05/14  (rcs-revision 1.7)
)
Driver file for pgf: pgfsys-pdftex.def

(/usr/share/texlive/texmf-dist/tex/generic/pgf/systemlayer/pgfsys-pdftex.def
File: pgfsys-pdftex.def 2014/10/11  (rcs-revision 1.35)

(/usr/share/texlive/texmf-dist/tex/generic/pgf/systemlayer/pgfsys-common-pdf.de
f
File: pgfsys-common-pdf.def 2013/10/10  (rcs-revision 1.13)
)))
(/usr/share/texlive/texmf-dist/tex/generic/pgf/systemlayer/pgfsyssoftpath.code.
tex
File: pgfsyssoftpath.code.tex 2013/09/09  (rcs-revision 1.9)
\pgfsyssoftpath@smallbuffer@items=\count146
\pgfsyssoftpath@bigbuffer@items=\count147
)
(/usr/share/texlive/texmf-dist/tex/generic/pgf/systemlayer/pgfsysprotocol.code.
tex
File: pgfsysprotocol.code.tex 2006/10/16  (rcs-revision 1.4)
)) (/usr/share/texlive/texmf-dist/tex/latex/xcolor/xcolor.sty
Package: xcolor 2007/01/21 v2.11 LaTeX color extensions (UK)

(/usr/share/texlive/texmf-dist/tex/latex/latexconfig/color.cfg
File: color.cfg 2007/01/18 v1.5 color configuration of teTeX/TeXLive
)
Package xcolor Info: Driver file: pdftex.def on input line 225.
Package xcolor Info: Model `cmy' substituted by `cmy0' on input line 1337.
Package xcolor Info: Model `hsb' substituted by `rgb' on input line 1341.
Package xcolor Info: Model `RGB' extended on input line 1353.
Package xcolor Info: Model `HTML' substituted by `rgb' on input line 1355.
Package xcolor Info: Model `Hsb' substituted by `hsb' on input line 1356.
Package xcolor Info: Model `tHsb' substituted by `hsb' on input line 1357.
Package xcolor Info: Model `HSB' substituted by `hsb' on input line 1358.
Package xcolor Info: Model `Gray' substituted by `gray' on input line 1359.
Package xcolor Info: Model `wave' substituted by `hsb' on input line 1360.
)
(/usr/share/texlive/texmf-dist/tex/generic/pgf/basiclayer/pgfcore.code.tex
Package: pgfcore 2010/04/11 v3.0.1a (rcs-revision 1.7)

(/usr/share/texlive/texmf-dist/tex/generic/pgf/math/pgfmath.code.tex
(/usr/share/texlive/texmf-dist/tex/generic/pgf/math/pgfmathcalc.code.tex
(/usr/share/texlive/texmf-dist/tex/generic/pgf/math/pgfmathutil.code.tex)
(/usr/share/texlive/texmf-dist/tex/generic/pgf/math/pgfmathparser.code.tex
\pgfmath@dimen=\dimen167
\pgfmath@count=\count148
\pgfmath@box=\box46
\pgfmath@toks=\toks38
\pgfmath@stack@operand=\toks39
\pgfmath@stack@operation=\toks40
)
(/usr/share/texlive/texmf-dist/tex/generic/pgf/math/pgfmathfunctions.code.tex
(/usr/share/texlive/texmf-dist/tex/generic/pgf/math/pgfmathfunctions.basic.code
.tex)
(/usr/share/texlive/texmf-dist/tex/generic/pgf/math/pgfmathfunctions.trigonomet
ric.code.tex)
(/usr/share/texlive/texmf-dist/tex/generic/pgf/math/pgfmathfunctions.random.cod
e.tex)
(/usr/share/texlive/texmf-dist/tex/generic/pgf/math/pgfmathfunctions.comparison
.code.tex)
(/usr/share/texlive/texmf-dist/tex/generic/pgf/math/pgfmathfunctions.base.code.
tex)
(/usr/share/texlive/texmf-dist/tex/generic/pgf/math/pgfmathfunctions.round.code
.tex)
(/usr/share/texlive/texmf-dist/tex/generic/pgf/math/pgfmathfunctions.misc.code.
tex)
(/usr/share/texlive/texmf-dist/tex/generic/pgf/math/pgfmathfunctions.integerari
thmetics.code.tex)))
(/usr/share/texlive/texmf-dist/tex/generic/pgf/math/pgfmathfloat.code.tex
\c@pgfmathroundto@lastzeros=\count149
))
(/usr/share/texlive/texmf-dist/tex/generic/pgf/basiclayer/pgfcorepoints.code.te
x
File: pgfcorepoints.code.tex 2013/10/07  (rcs-revision 1.27)
\pgf@picminx=\dimen168
\pgf@picmaxx=\dimen169
\pgf@picminy=\dimen170
\pgf@picmaxy=\dimen171
\pgf@pathminx=\dimen172
\pgf@pathmaxx=\dimen173
\pgf@pathminy=\dimen174
\pgf@pathmaxy=\dimen175
\pgf@xx=\dimen176
\pgf@xy=\dimen177
\pgf@yx=\dimen178
\pgf@yy=\dimen179
\pgf@zx=\dimen180
\pgf@zy=\dimen181
)
(/usr/share/texlive/texmf-dist/tex/generic/pgf/basiclayer/pgfcorepathconstruct.
code.tex
File: pgfcorepathconstruct.code.tex 2013/10/07  (rcs-revision 1.29)
\pgf@path@lastx=\dimen182
\pgf@path@lasty=\dimen183
)
(/usr/share/texlive/texmf-dist/tex/generic/pgf/basiclayer/pgfcorepathusage.code
.tex
File: pgfcorepathusage.code.tex 2014/11/02  (rcs-revision 1.24)
\pgf@shorten@end@additional=\dimen184
\pgf@shorten@start@additional=\dimen185
)
(/usr/share/texlive/texmf-dist/tex/generic/pgf/basiclayer/pgfcorescopes.code.te
x
File: pgfcorescopes.code.tex 2015/05/08  (rcs-revision 1.46)
\pgfpic=\box47
\pgf@hbox=\box48
\pgf@layerbox@main=\box49
\pgf@picture@serial@count=\count150
)
(/usr/share/texlive/texmf-dist/tex/generic/pgf/basiclayer/pgfcoregraphicstate.c
ode.tex
File: pgfcoregraphicstate.code.tex 2014/11/02  (rcs-revision 1.12)
\pgflinewidth=\dimen186
)
(/usr/share/texlive/texmf-dist/tex/generic/pgf/basiclayer/pgfcoretransformation
s.code.tex
File: pgfcoretransformations.code.tex 2015/08/07  (rcs-revision 1.20)
\pgf@pt@x=\dimen187
\pgf@pt@y=\dimen188
\pgf@pt@temp=\dimen189
)
(/usr/share/texlive/texmf-dist/tex/generic/pgf/basiclayer/pgfcorequick.code.tex
File: pgfcorequick.code.tex 2008/10/09  (rcs-revision 1.3)
)
(/usr/share/texlive/texmf-dist/tex/generic/pgf/basiclayer/pgfcoreobjects.code.t
ex
File: pgfcoreobjects.code.tex 2006/10/11  (rcs-revision 1.2)
)
(/usr/share/texlive/texmf-dist/tex/generic/pgf/basiclayer/pgfcorepathprocessing
.code.tex
File: pgfcorepathprocessing.code.tex 2013/09/09  (rcs-revision 1.9)
)
(/usr/share/texlive/texmf-dist/tex/generic/pgf/basiclayer/pgfcorearrows.code.te
x
File: pgfcorearrows.code.tex 2015/05/14  (rcs-revision 1.43)
\pgfarrowsep=\dimen190
)
(/usr/share/texlive/texmf-dist/tex/generic/pgf/basiclayer/pgfcoreshade.code.tex
File: pgfcoreshade.code.tex 2013/07/15  (rcs-revision 1.15)
\pgf@max=\dimen191
\pgf@sys@shading@range@num=\count151
)
(/usr/share/texlive/texmf-dist/tex/generic/pgf/basiclayer/pgfcoreimage.code.tex
File: pgfcoreimage.code.tex 2013/07/15  (rcs-revision 1.18)

(/usr/share/texlive/texmf-dist/tex/generic/pgf/basiclayer/pgfcoreexternal.code.
tex
File: pgfcoreexternal.code.tex 2014/07/09  (rcs-revision 1.21)
\pgfexternal@startupbox=\box50
))
(/usr/share/texlive/texmf-dist/tex/generic/pgf/basiclayer/pgfcorelayers.code.te
x
File: pgfcorelayers.code.tex 2013/07/18  (rcs-revision 1.7)
)
(/usr/share/texlive/texmf-dist/tex/generic/pgf/basiclayer/pgfcoretransparency.c
ode.tex
File: pgfcoretransparency.code.tex 2013/09/30  (rcs-revision 1.5)
)
(/usr/share/texlive/texmf-dist/tex/generic/pgf/basiclayer/pgfcorepatterns.code.
tex
File: pgfcorepatterns.code.tex 2013/11/07  (rcs-revision 1.5)
)))
(/usr/share/texlive/texmf-dist/tex/generic/pgf/modules/pgfmoduleshapes.code.tex
File: pgfmoduleshapes.code.tex 2014/03/21  (rcs-revision 1.35)
\pgfnodeparttextbox=\box51
) (/usr/share/texlive/texmf-dist/tex/generic/pgf/modules/pgfmoduleplot.code.tex
File: pgfmoduleplot.code.tex 2015/08/03  (rcs-revision 1.13)
)
(/usr/share/texlive/texmf-dist/tex/latex/pgf/compatibility/pgfcomp-version-0-65
.sty
Package: pgfcomp-version-0-65 2007/07/03 v3.0.1a (rcs-revision 1.7)
\pgf@nodesepstart=\dimen192
\pgf@nodesepend=\dimen193
)
(/usr/share/texlive/texmf-dist/tex/latex/pgf/compatibility/pgfcomp-version-1-18
.sty
Package: pgfcomp-version-1-18 2007/07/23 v3.0.1a (rcs-revision 1.1)
)) (/usr/share/texlive/texmf-dist/tex/latex/pgf/utilities/pgffor.sty
(/usr/share/texlive/texmf-dist/tex/latex/pgf/utilities/pgfkeys.sty
(/usr/share/texlive/texmf-dist/tex/generic/pgf/utilities/pgfkeys.code.tex))
(/usr/share/texlive/texmf-dist/tex/latex/pgf/math/pgfmath.sty
(/usr/share/texlive/texmf-dist/tex/generic/pgf/math/pgfmath.code.tex))
(/usr/share/texlive/texmf-dist/tex/generic/pgf/utilities/pgffor.code.tex
Package: pgffor 2013/12/13 v3.0.1a (rcs-revision 1.25)

(/usr/share/texlive/texmf-dist/tex/generic/pgf/math/pgfmath.code.tex)
\pgffor@iter=\dimen194
\pgffor@skip=\dimen195
\pgffor@stack=\toks41
\pgffor@toks=\toks42
))
(/usr/share/texlive/texmf-dist/tex/generic/pgf/frontendlayer/tikz/tikz.code.tex
Package: tikz 2015/08/07 v3.0.1a (rcs-revision 1.151)

(/usr/share/texlive/texmf-dist/tex/generic/pgf/libraries/pgflibraryplothandlers
.code.tex
File: pgflibraryplothandlers.code.tex 2013/08/31 v3.0.1a (rcs-revision 1.20)
\pgf@plot@mark@count=\count152
\pgfplotmarksize=\dimen196
)
\tikz@lastx=\dimen197
\tikz@lasty=\dimen198
\tikz@lastxsaved=\dimen199
\tikz@lastysaved=\dimen256
\tikzleveldistance=\dimen257
\tikzsiblingdistance=\dimen258
\tikz@figbox=\box52
\tikz@figbox@bg=\box53
\tikz@tempbox=\box54
\tikz@tempbox@bg=\box55
\tikztreelevel=\count153
\tikznumberofchildren=\count154
\tikznumberofcurrentchild=\count155
\tikz@fig@count=\count156

(/usr/share/texlive/texmf-dist/tex/generic/pgf/modules/pgfmodulematrix.code.tex
File: pgfmodulematrix.code.tex 2013/09/17  (rcs-revision 1.8)
\pgfmatrixcurrentrow=\count157
\pgfmatrixcurrentcolumn=\count158
\pgf@matrix@numberofcolumns=\count159
)
\tikz@expandcount=\count160

(/usr/share/texlive/texmf-dist/tex/generic/pgf/frontendlayer/tikz/libraries/tik
zlibrarytopaths.code.tex
File: tikzlibrarytopaths.code.tex 2008/06/17 v3.0.1a (rcs-revision 1.2)
)))
(/usr/share/texlive/texmf-dist/tex/generic/pgf/frontendlayer/tikz/libraries/tik
zlibrarycalc.code.tex
File: tikzlibrarycalc.code.tex 2013/07/15 v3.0.1a (rcs-revision 1.9)
)
(/usr/share/texlive/texmf-dist/tex/generic/babel/babel.sty
Package: babel 2016/02/24 3.9q The Babel package

(/usr/share/texlive/texmf-dist/tex/generic/babel/luababel.def
\l@dumylang=\language1
\l@nohyphenation=\language2
\l@indonesian=\language3
\l@french=\language4
\l@german=\language5
\l@marathi=\language6
\l@pinyin=\language7
\l@slovenian=\language8
\l@ibycus=\language9
\l@coptic=\language10
\l@nynorsk=\language11
\l@catalan=\language12
\l@basque=\language13
\l@farsi=\language14
\l@hungarian=\language15
\l@ukenglish=\language16
\l@croatian=\language17
\l@thai=\language18
\l@mongolian=\language19
\l@bengali=\language20
\l@latin=\language21
\l@piedmontese=\language22
\l@greek=\language23
\l@telugu=\language24
\l@swedish=\language25
\l@gujarati=\language26
\l@usenglishmax=\language27
\l@oriya=\language28
\l@galician=\language29
\l@romanian=\language30
\l@panjabi=\language31
\l@tamil=\language32
\l@icelandic=\language33
\l@lithuanian=\language34
\l@interlingua=\language35
\l@estonian=\language36
\l@monogreek=\language37
\l@german-x-2014-05-21=\language38
\l@friulan=\language39
\l@kannada=\language40
\l@occitan=\language41
\l@ukrainian=\language42
\l@italian=\language43
\l@turkish=\language44
\l@spanish=\language45
\l@latvian=\language46
\l@georgian=\language47
\l@mongolianlmc=\language48
\l@ngerman=\language49
\l@danish=\language50
\l@welsh=\language51
\l@swissgerman=\language52
\l@bulgarian=\language53
\l@finnish=\language54
\l@classiclatin=\language55
\l@portuguese=\language56
\l@ethiopic=\language57
\l@arabic=\language58
\l@hindi=\language59
\l@serbian=\language60
\l@bokmal=\language61
\l@ngerman-x-2014-05-21=\language62
\l@assamese=\language63
\l@turkmen=\language64
\l@ancientgreek=\language65
\l@afrikaans=\language66
\l@uppersorbian=\language67
\l@czech=\language68
\l@irish=\language69
\l@armenian=\language70
\l@kurmanji=\language71
\l@malayalam=\language72
\l@slovak=\language73
\l@dutch=\language74
\l@russian=\language75
\l@esperanto=\language76
\l@romansh=\language77
\l@serbianc=\language78
\l@polish=\language79
\l@sanskrit=\language80
)
(/usr/share/texlive/texmf-dist/tex/generic/babel-russian/russianb.ldf
Language: russianb 2016/02/18 1.3h Russian support for the Babel system

(/usr/share/texlive/texmf-dist/tex/generic/babel/babel.def
File: babel.def 2016/02/24 3.9q Babel common definitions
\babel@savecnt=\count161
\U@D=\dimen259

(/usr/share/texlive/texmf-dist/tex/generic/babel/luababel.def))
Package babel Info: Making " an active character on input line 111.

(/usr/share/texlive/texmf-dist/tex/generic/hyph-utf8/loadhyph/loadhyph-ru.tex
UTF-8 Russian hyphenation patterns
(/usr/share/texlive/texmf-dist/tex/generic/hyph-utf8/patterns/tex/hyph-ru.tex)))
) (/usr/share/texlive/texmf-dist/tex/latex/polyglossia/polyglossia.sty
Package: polyglossia 2015/08/06 v1.42.0 Alternative to Babel for XeLaTeX and Lua
LaTeX

(/usr/share/texlive/texmf-dist/tex/latex/makecmds/makecmds.sty
Package: makecmds 2009/09/03 v1.0a extra command making commands
)
(/usr/share/texlive/texmf-dist/tex/latex/xkeyval/xkeyval.sty
Package: xkeyval 2014/12/03 v2.7a package option processing (HA)

(/usr/share/texlive/texmf-dist/tex/generic/xkeyval/xkeyval.tex
(/usr/share/texlive/texmf-dist/tex/generic/xkeyval/xkvutils.tex
\XKV@toks=\toks43
\XKV@tempa@toks=\toks44
)
\XKV@depth=\count162
File: xkeyval.tex 2014/12/03 v2.7a key=value parser (HA)
))
(/usr/share/texlive/texmf-dist/tex/luatex/luatexbase/luatexbase.sty
Package: luatexbase 2015/10/04 v1.3 luatexbase interface to LuaTeX 

(/usr/share/texlive/texmf-dist/tex/luatex/ctablestack/ctablestack.sty
Package: ctablestack 2015/10/01 v1.0 Catcode table stable support
\@catcodetablestackcnt=\count163
)
\CatcodeTableOther=\catcodetable7
\CatcodeTableExpl=\catcodetable8
)
luatex-hyphen: using data file: /var/lib/texmf/tex/generic/config/language.dat.l
ua
Lua module: polyglossia 2013/05/11 1.3 Polyglossia)
(/usr/share/texlive/texmf-dist/tex/latex/polyglossia/gloss-russian.ldf
File: gloss-russian.ldf polyglossia: module for russian
)
Package polyglossia Info: Default language is russian.
luaotfload | cache : Lookup cache loaded from /home/andrey/.texmf-var/luatex-cac
he/generic/names/luaotfload-lookup-cache.luc.
luaotfload | load : Lookup/name: "CMU Serif" -> "cmunrm.otf"(compiling luc: /var
/lib/texmf/luatex-cache/generic/fonts/otf/cmunrm.luc)(load luc: /home/andrey/.te
xmf-var/luatex-cache/generic/fonts/otf/cmunrm.luc)
luaotfload | load : Lookup/name: "CMU Serif" -> "cmunrm.otf"
\g__fontspec_family_CMUSerif_int=\count164
luaotfload | load : Lookup/name: "CMU Serif" -> "cmunrm.otf"
luaotfload | load : Lookup/name: "CMU Serif" -> "cmunbi.otf"(compiling luc: /var
/lib/texmf/luatex-cache/generic/fonts/otf/cmunbi.luc)(load luc: /home/andrey/.te
xmf-var/luatex-cache/generic/fonts/otf/cmunbi.luc)
luaotfload | load : Lookup/name: "CMU Serif" -> "cmunrm.otf"
luaotfload | load : Lookup/name: "CMU Serif" -> "cmunbx.otf"(compiling luc: /var
/lib/texmf/luatex-cache/generic/fonts/otf/cmunbx.luc)(load luc: /home/andrey/.te
xmf-var/luatex-cache/generic/fonts/otf/cmunbx.luc)
luaotfload | load : Lookup/name: "CMU Serif" -> "cmunrm.otf"
luaotfload | load : Lookup/name: "CMU Serif" -> "cmunti.otf"(compiling luc: /var
/lib/texmf/luatex-cache/generic/fonts/otf/cmunti.luc)(load luc: /home/andrey/.te
xmf-var/luatex-cache/generic/fonts/otf/cmunti.luc)
luaotfload | load : Lookup/name: "CMUSerif" -> "cmunrm.otf"
luaotfload | load : Lookup/name: "CMUSerif" -> "cmunrm.otf"
luaotfload | load : Lookup/name: "CMUSerif" -> "cmunbx.otf"
luaotfload | load : Lookup/name: "CMUSerif" -> "cmunbx.otf"
luaotfload | load : Lookup/name: "CMUSerif" -> "cmunti.otf"
luaotfload | load : Lookup/name: "CMUSerif" -> "cmunti.otf"
luaotfload | aux : font no 25 (CMUSerif-Italic) does not define feature smcp for
 script latn with language dflt
luaotfload | aux : no font with id 25
luaotfload | load : Lookup/name: "CMUSerif" -> "cmunbi.otf"
luaotfload | load : Lookup/name: "CMUSerif" -> "cmunbi.otf"
luaotfload | aux : font no 23 (CMUSerif-BoldItalic) does not define feature smcp
 for script latn with language dflt
luaotfload | aux : no font with id 23
.................................................
. fontspec info: "defining-font"
. 
. Font family 'CMUSerif(0)' created for font 'CMU Serif' with options
. [Ligatures=TeX].
. 
. This font family consists of the following NFSS series/shapes:
. - 'normal' (m/n) with NFSS spec.:
. <->"CMUSerif:mode=node;script=latn;language=DFLT;+tlig;"
. - 'small caps'  (m/sc) with NFSS spec.:
. <->"CMUSerif:mode=node;script=latn;language=DFLT;+tlig;+smcp;"- 'bold'
. (bx/n) with NFSS spec.:
. <->"CMUSerif/B:mode=node;script=latn;language=DFLT;+tlig;"
. - 'bold small caps'  (bx/sc) with NFSS spec.:
. <->"CMUSerif/B:mode=node;script=latn;language=DFLT;+tlig;+smcp;"- 'italic'
. (m/it) with NFSS spec.:
. <->"CMUSerif/I:mode=node;script=latn;language=DFLT;+tlig;"
. - 'italic small caps'  (m/itsc) with NFSS spec.: - 'bold italic' (bx/it)
. with NFSS spec.: <->"CMUSerif/BI:mode=node;script=latn;language=DFLT;+tlig;"
. - 'bold italic small caps'  (bx/itsc) with NFSS spec.: 
.................................................
luaotfload | load : Lookup/name: "CMU Serif" -> "cmunrm.otf"
luaotfload | load : Lookup/name: "CMU Serif" -> "cmunrm.otf"
luaotfload | load : Lookup/name: "CMU Serif" -> "cmunrm.otf"
luaotfload | load : Lookup/name: "CMU Serif" -> "cmunbi.otf"
luaotfload | load : Lookup/name: "CMU Serif" -> "cmunrm.otf"
luaotfload | load : Lookup/name: "CMU Serif" -> "cmunbx.otf"
luaotfload | load : Lookup/name: "CMU Serif" -> "cmunrm.otf"
luaotfload | load : Lookup/name: "CMU Serif" -> "cmunti.otf"
luaotfload | load : Lookup/name: "CMUSerif" -> "cmunrm.otf"
luaotfload | load : Lookup/name: "CMUSerif" -> "cmunrm.otf"
luaotfload | load : Lookup/name: "CMUSerif" -> "cmunbx.otf"
luaotfload | load : Lookup/name: "CMUSerif" -> "cmunbx.otf"
luaotfload | load : Lookup/name: "CMUSerif" -> "cmunti.otf"
luaotfload | load : Lookup/name: "CMUSerif" -> "cmunti.otf"
luaotfload | aux : font no 25 (CMUSerif-Italic) does not define feature smcp for
 script latn with language dflt
luaotfload | aux : no font with id 25
luaotfload | load : Lookup/name: "CMUSerif" -> "cmunbi.otf"
luaotfload | load : Lookup/name: "CMUSerif" -> "cmunbi.otf"
luaotfload | aux : font no 23 (CMUSerif-BoldItalic) does not define feature smcp
 for script latn with language dflt
luaotfload | aux : no font with id 23
.................................................
. fontspec info: "defining-font"
. 
. Font family 'CMUSerif(1)' created for font 'CMU Serif' with options
. [Renderer=Basic].
. 
. This font family consists of the following NFSS series/shapes:
. - 'normal' (m/n) with NFSS spec.:
. <->"CMUSerif:mode=base;script=latn;language=DFLT;"
. - 'small caps'  (m/sc) with NFSS spec.:
. <->"CMUSerif:mode=base;script=latn;language=DFLT;+smcp;"- 'bold' (bx/n) with
. NFSS spec.: <->"CMUSerif/B:mode=base;script=latn;language=DFLT;"
. - 'bold small caps'  (bx/sc) with NFSS spec.:
. <->"CMUSerif/B:mode=base;script=latn;language=DFLT;+smcp;"- 'italic' (m/it)
. with NFSS spec.: <->"CMUSerif/I:mode=base;script=latn;language=DFLT;"
. - 'italic small caps'  (m/itsc) with NFSS spec.: - 'bold italic' (bx/it)
. with NFSS spec.: <->"CMUSerif/BI:mode=base;script=latn;language=DFLT;"
. - 'bold italic small caps'  (bx/itsc) with NFSS spec.: 
.................................................
LaTeX Font Info:    Overwriting math alphabet `\mathrm' in version `normal'
(Font)                  OT1/cmr/m/n --> EU2/CMUSerif(1)/m/n on input line 49.
LaTeX Font Info:    Overwriting math alphabet `\mathit' in version `normal'
(Font)                  OT1/cmr/m/it --> EU2/CMUSerif(1)/m/it on input line 49.
LaTeX Font Info:    Overwriting math alphabet `\mathbf' in version `normal'
(Font)                  OT1/cmr/bx/n --> EU2/CMUSerif(1)/bx/n on input line 49.
luaotfload | load : Lookup/name: "CMUSerif" -> "cmunrm.otf"
luaotfload | load : Lookup/name: "CMU Sans Serif" -> "cmunss.otf"(compiling luc:
 /var/lib/texmf/luatex-cache/generic/fonts/otf/cmunss.luc)(load luc: /home/andre
y/.texmf-var/luatex-cache/generic/fonts/otf/cmunss.luc)
luaotfload | load : Lookup/name: "CMU Sans Serif" -> "cmunss.otf"
\g__fontspec_family_CMUSansSerif_int=\count165
luaotfload | load : Lookup/name: "CMU Sans Serif" -> "cmunss.otf"
luaotfload | load : Lookup/name: "CMU Sans Serif" -> "cmunso.otf"(compiling luc:
 /var/lib/texmf/luatex-cache/generic/fonts/otf/cmunso.luc)(load luc: /home/andre
y/.texmf-var/luatex-cache/generic/fonts/otf/cmunso.luc)
luaotfload | load : Lookup/name: "CMU Sans Serif" -> "cmunss.otf"
luaotfload | load : Lookup/name: "CMU Sans Serif" -> "cmunsx.otf"(compiling luc:
 /var/lib/texmf/luatex-cache/generic/fonts/otf/cmunsx.luc)(load luc: /home/andre
y/.texmf-var/luatex-cache/generic/fonts/otf/cmunsx.luc)
luaotfload | load : Lookup/name: "CMU Sans Serif" -> "cmunss.otf"
luaotfload | load : Lookup/name: "CMU Sans Serif" -> "cmunsi.otf"(compiling luc:
 /var/lib/texmf/luatex-cache/generic/fonts/otf/cmunsi.luc)(load luc: /home/andre
y/.texmf-var/luatex-cache/generic/fonts/otf/cmunsi.luc)
luaotfload | load : Lookup/name: "CMUSansSerif" -> "cmunss.otf"
luaotfload | load : Lookup/name: "CMUSansSerif" -> "cmunss.otf"
luaotfload | aux : font no 27 (CMUSansSerif) does not define feature smcp for sc
ript latn with language dflt
luaotfload | aux : no font with id 27
luaotfload | load : Lookup/name: "CMUSansSerif" -> "cmunsx.otf"
luaotfload | load : Lookup/name: "CMUSansSerif" -> "cmunsx.otf"
luaotfload | aux : font no 29 (CMUSansSerif-Bold) does not define feature smcp f
or script latn with language dflt
luaotfload | aux : no font with id 29
luaotfload | load : Lookup/name: "CMUSansSerif" -> "cmunsi.otf"
luaotfload | load : Lookup/name: "CMUSansSerif" -> "cmunsi.otf"
luaotfload | aux : font no 30 (CMUSansSerif-Oblique) does not define feature smc
p for script latn with language dflt
luaotfload | aux : no font with id 30
luaotfload | load : Lookup/name: "CMUSansSerif" -> "cmunso.otf"
luaotfload | load : Lookup/name: "CMUSansSerif" -> "cmunso.otf"
luaotfload | aux : font no 28 (CMUSansSerif-BoldOblique) does not define feature
 smcp for script latn with language dflt
luaotfload | aux : no font with id 28
.................................................
. fontspec info: "defining-font"
. 
. Font family 'CMUSansSerif(0)' created for font 'CMU Sans Serif' with options
. [Ligatures=TeX].
. 
. This font family consists of the following NFSS series/shapes:
. - 'normal' (m/n) with NFSS spec.:
. <->"CMUSansSerif:mode=node;script=latn;language=DFLT;+tlig;"
. - 'small caps'  (m/sc) with NFSS spec.: - 'bold' (bx/n) with NFSS spec.:
. <->"CMUSansSerif/B:mode=node;script=latn;language=DFLT;+tlig;"
. - 'bold small caps'  (bx/sc) with NFSS spec.: - 'italic' (m/it) with NFSS
. spec.: <->"CMUSansSerif/I:mode=node;script=latn;language=DFLT;+tlig;"
. - 'italic small caps'  (m/itsc) with NFSS spec.: - 'bold italic' (bx/it)
. with NFSS spec.:
. <->"CMUSansSerif/BI:mode=node;script=latn;language=DFLT;+tlig;"
. - 'bold italic small caps'  (bx/itsc) with NFSS spec.: 
.................................................
luaotfload | load : Lookup/name: "CMU Sans Serif" -> "cmunss.otf"
luaotfload | load : Lookup/name: "CMU Sans Serif" -> "cmunss.otf"
luaotfload | load : Lookup/name: "CMU Sans Serif" -> "cmunss.otf"
luaotfload | load : Lookup/name: "CMU Sans Serif" -> "cmunso.otf"
luaotfload | load : Lookup/name: "CMU Sans Serif" -> "cmunss.otf"
luaotfload | load : Lookup/name: "CMU Sans Serif" -> "cmunsx.otf"
luaotfload | load : Lookup/name: "CMU Sans Serif" -> "cmunss.otf"
luaotfload | load : Lookup/name: "CMU Sans Serif" -> "cmunsi.otf"
luaotfload | load : Lookup/name: "CMUSansSerif" -> "cmunss.otf"
luaotfload | load : Lookup/name: "CMUSansSerif" -> "cmunss.otf"
luaotfload | aux : font no 27 (CMUSansSerif) does not define feature smcp for sc
ript latn with language dflt
luaotfload | aux : no font with id 27
luaotfload | load : Lookup/name: "CMUSansSerif" -> "cmunsx.otf"
luaotfload | load : Lookup/name: "CMUSansSerif" -> "cmunsx.otf"
luaotfload | aux : font no 29 (CMUSansSerif-Bold) does not define feature smcp f
or script latn with language dflt
luaotfload | aux : no font with id 29
luaotfload | load : Lookup/name: "CMUSansSerif" -> "cmunsi.otf"
luaotfload | load : Lookup/name: "CMUSansSerif" -> "cmunsi.otf"
luaotfload | aux : font no 30 (CMUSansSerif-Oblique) does not define feature smc
p for script latn with language dflt
luaotfload | aux : no font with id 30
luaotfload | load : Lookup/name: "CMUSansSerif" -> "cmunso.otf"
luaotfload | load : Lookup/name: "CMUSansSerif" -> "cmunso.otf"
luaotfload | aux : font no 28 (CMUSansSerif-BoldOblique) does not define feature
 smcp for script latn with language dflt
luaotfload | aux : no font with id 28
.................................................
. fontspec info: "defining-font"
. 
. Font family 'CMUSansSerif(1)' created for font 'CMU Sans Serif' with options
. [Renderer=Basic].
. 
. This font family consists of the following NFSS series/shapes:
. - 'normal' (m/n) with NFSS spec.:
. <->"CMUSansSerif:mode=base;script=latn;language=DFLT;"
. - 'small caps'  (m/sc) with NFSS spec.: - 'bold' (bx/n) with NFSS spec.:
. <->"CMUSansSerif/B:mode=base;script=latn;language=DFLT;"
. - 'bold small caps'  (bx/sc) with NFSS spec.: - 'italic' (m/it) with NFSS
. spec.: <->"CMUSansSerif/I:mode=base;script=latn;language=DFLT;"
. - 'italic small caps'  (m/itsc) with NFSS spec.: - 'bold italic' (bx/it)
. with NFSS spec.: <->"CMUSansSerif/BI:mode=base;script=latn;language=DFLT;"
. - 'bold italic small caps'  (bx/itsc) with NFSS spec.: 
.................................................
LaTeX Font Info:    Overwriting math alphabet `\mathsf' in version `normal'
(Font)                  OT1/cmss/m/n --> EU2/CMUSansSerif(1)/m/n on input line 5
0.
LaTeX Font Info:    Overwriting math alphabet `\mathsf' in version `bold'
(Font)                  OT1/cmss/bx/n --> EU2/CMUSansSerif(1)/bx/n on input line
 50.
luaotfload | load : Lookup/name: "CMU Typewriter Text" -> "cmuntt.otf"(compiling
 luc: /var/lib/texmf/luatex-cache/generic/fonts/otf/cmuntt.luc)(load luc: /home/
andrey/.texmf-var/luatex-cache/generic/fonts/otf/cmuntt.luc)
luaotfload | load : Lookup/name: "CMU Typewriter Text" -> "cmuntt.otf"
\g__fontspec_family_CMUTypewriterText_int=\count166
luaotfload | load : Lookup/name: "CMU Typewriter Text" -> "cmuntt.otf"
luaotfload | load : Lookup/name: "CMU Typewriter Text" -> "cmuntx.otf"(compiling
 luc: /var/lib/texmf/luatex-cache/generic/fonts/otf/cmuntx.luc)(load luc: /home/
andrey/.texmf-var/luatex-cache/generic/fonts/otf/cmuntx.luc)
luaotfload | load : Lookup/name: "CMU Typewriter Text" -> "cmuntt.otf"
luaotfload | load : Lookup/name: "CMU Typewriter Text" -> "cmuntb.otf"(compiling
 luc: /var/lib/texmf/luatex-cache/generic/fonts/otf/cmuntb.luc)(load luc: /home/
andrey/.texmf-var/luatex-cache/generic/fonts/otf/cmuntb.luc)
luaotfload | load : Lookup/name: "CMU Typewriter Text" -> "cmuntt.otf"
luaotfload | load : Lookup/name: "CMU Typewriter Text" -> "cmunst.otf"(compiling
 luc: /var/lib/texmf/luatex-cache/generic/fonts/otf/cmunst.luc)(load luc: /home/
andrey/.texmf-var/luatex-cache/generic/fonts/otf/cmunst.luc)
luaotfload | load : Lookup/name: "CMUTypewriterText" -> "cmuntt.otf"
luaotfload | load : Lookup/name: "CMUTypewriterText" -> "cmuntt.otf"
luaotfload | aux : font no 31 (CMUTypewriter-Regular) does not define feature sm
cp for script latn with language dflt
luaotfload | aux : no font with id 31
luaotfload | load : Lookup/name: "CMUTypewriterText" -> "cmuntb.otf"
luaotfload | load : Lookup/name: "CMUTypewriterText" -> "cmuntb.otf"
luaotfload | aux : font no 33 (CMUTypewriter-Bold) does not define feature smcp 
for script latn with language dflt
luaotfload | aux : no font with id 33
luaotfload | load : Lookup/name: "CMUTypewriterText" -> "cmunst.otf"
luaotfload | load : Lookup/name: "CMUTypewriterText" -> "cmunst.otf"
luaotfload | aux : font no 34 (CMUTypewriter-Oblique) does not define feature sm
cp for script latn with language dflt
luaotfload | aux : no font with id 34
luaotfload | load : Lookup/name: "CMUTypewriterText" -> "cmuntx.otf"
luaotfload | load : Lookup/name: "CMUTypewriterText" -> "cmuntx.otf"
luaotfload | aux : font no 32 (CMUTypewriter-BoldItalic) does not define feature
 smcp for script latn with language dflt
luaotfload | aux : no font with id 32
.................................................
. fontspec info: "defining-font"
. 
. Font family 'CMUTypewriterText(0)' created for font 'CMU Typewriter Text'
. with options [WordSpace={1,0,0},PunctuationSpace=WordSpace].
. 
. This font family consists of the following NFSS series/shapes:
. - 'normal' (m/n) with NFSS spec.:
. <->"CMUTypewriterText:mode=node;script=latn;language=DFLT;"
. - 'small caps'  (m/sc) with NFSS spec.: 
. and font adjustment code:
. \fontdimen 2\font =1\fontdimen 2\font \fontdimen 3\font =0\fontdimen 3\font
. \fontdimen 4\font =0\fontdimen 4\font \fontdimen 7\font =0\fontdimen 2\font
. - 'bold' (bx/n) with NFSS spec.:
. <->"CMUTypewriterText/B:mode=node;script=latn;language=DFLT;"
. - 'bold small caps'  (bx/sc) with NFSS spec.: 
. and font adjustment code:
. \fontdimen 2\font =1\fontdimen 2\font \fontdimen 3\font =0\fontdimen 3\font
. \fontdimen 4\font =0\fontdimen 4\font \fontdimen 7\font =0\fontdimen 2\font
. - 'italic' (m/it) with NFSS spec.:
. <->"CMUTypewriterText/I:mode=node;script=latn;language=DFLT;"
. - 'italic small caps'  (m/itsc) with NFSS spec.: 
. and font adjustment code:
. \fontdimen 2\font =1\fontdimen 2\font \fontdimen 3\font =0\fontdimen 3\font
. \fontdimen 4\font =0\fontdimen 4\font \fontdimen 7\font =0\fontdimen 2\font
. - 'bold italic' (bx/it) with NFSS spec.:
. <->"CMUTypewriterText/BI:mode=node;script=latn;language=DFLT;"
. - 'bold italic small caps'  (bx/itsc) with NFSS spec.: 
. and font adjustment code:
. \fontdimen 2\font =1\fontdimen 2\font \fontdimen 3\font =0\fontdimen 3\font
. \fontdimen 4\font =0\fontdimen 4\font \fontdimen 7\font =0\fontdimen 2\font 
.................................................
luaotfload | load : Lookup/name: "CMU Typewriter Text" -> "cmuntt.otf"
luaotfload | load : Lookup/name: "CMU Typewriter Text" -> "cmuntt.otf"
luaotfload | load : Lookup/name: "CMU Typewriter Text" -> "cmuntt.otf"
luaotfload | load : Lookup/name: "CMU Typewriter Text" -> "cmuntx.otf"
luaotfload | load : Lookup/name: "CMU Typewriter Text" -> "cmuntt.otf"
luaotfload | load : Lookup/name: "CMU Typewriter Text" -> "cmuntb.otf"
luaotfload | load : Lookup/name: "CMU Typewriter Text" -> "cmuntt.otf"
luaotfload | load : Lookup/name: "CMU Typewriter Text" -> "cmunst.otf"
luaotfload | load : Lookup/name: "CMUTypewriterText" -> "cmuntt.otf"
luaotfload | load : Lookup/name: "CMUTypewriterText" -> "cmuntt.otf"
luaotfload | aux : font no 31 (CMUTypewriter-Regular) does not define feature sm
cp for script latn with language dflt
luaotfload | aux : no font with id 31
luaotfload | load : Lookup/name: "CMUTypewriterText" -> "cmuntb.otf"
luaotfload | load : Lookup/name: "CMUTypewriterText" -> "cmuntb.otf"
luaotfload | aux : font no 33 (CMUTypewriter-Bold) does not define feature smcp 
for script latn with language dflt
luaotfload | aux : no font with id 33
luaotfload | load : Lookup/name: "CMUTypewriterText" -> "cmunst.otf"
luaotfload | load : Lookup/name: "CMUTypewriterText" -> "cmunst.otf"
luaotfload | aux : font no 34 (CMUTypewriter-Oblique) does not define feature sm
cp for script latn with language dflt
luaotfload | aux : no font with id 34
luaotfload | load : Lookup/name: "CMUTypewriterText" -> "cmuntx.otf"
luaotfload | load : Lookup/name: "CMUTypewriterText" -> "cmuntx.otf"
luaotfload | aux : font no 32 (CMUTypewriter-BoldItalic) does not define feature
 smcp for script latn with language dflt
luaotfload | aux : no font with id 32
.................................................
. fontspec info: "defining-font"
. 
. Font family 'CMUTypewriterText(1)' created for font 'CMU Typewriter Text'
. with options [Renderer=Basic].
. 
. This font family consists of the following NFSS series/shapes:
. - 'normal' (m/n) with NFSS spec.:
. <->"CMUTypewriterText:mode=base;script=latn;language=DFLT;"
. - 'small caps'  (m/sc) with NFSS spec.: - 'bold' (bx/n) with NFSS spec.:
. <->"CMUTypewriterText/B:mode=base;script=latn;language=DFLT;"
. - 'bold small caps'  (bx/sc) with NFSS spec.: - 'italic' (m/it) with NFSS
. spec.: <->"CMUTypewriterText/I:mode=base;script=latn;language=DFLT;"
. - 'italic small caps'  (m/itsc) with NFSS spec.: - 'bold italic' (bx/it)
. with NFSS spec.:
. <->"CMUTypewriterText/BI:mode=base;script=latn;language=DFLT;"
. - 'bold italic small caps'  (bx/itsc) with NFSS spec.: 
.................................................
LaTeX Font Info:    Overwriting math alphabet `\mathtt' in version `normal'
(Font)                  OT1/cmtt/m/n --> EU2/CMUTypewriterText(1)/m/n on input l
ine 51.
LaTeX Font Info:    Overwriting math alphabet `\mathtt' in version `bold'
(Font)                  OT1/cmtt/m/n --> EU2/CMUTypewriterText(1)/bx/n on input 
line 51.
luaotfload | load : Lookup/name: "Latin Modern Math" -> "latinmodern-math.otf"(c
ompiling luc: /var/lib/texmf/luatex-cache/generic/fonts/otf/latinmodern-math.luc
)(load luc: /home/andrey/.texmf-var/luatex-cache/generic/fonts/otf/latinmodern-m
ath.luc)
luaotfload | load : Lookup/name: "Latin Modern Math" -> "latinmodern-math.otf"
\g__fontspec_family_LatinModernMath_int=\count167
luaotfload | load : Lookup/name: "Latin Modern Math" -> "latinmodern-math.otf"
luaotfload | load : Lookup/name: "Latin Modern Math" -> "latinmodern-math.otf"
.................................................
. fontspec info: "no-font-shape"
. 
. Could not resolve font Latin Modern Math/B (it probably doesn't exist).
.................................................
luaotfload | load : Lookup/name: "LatinModernMath" -> "latinmodern-math.otf"
luaotfload | load : Lookup/name: "LatinModernMath" -> "latinmodern-math.otf"
luaotfload | aux : font no 35 (LatinModernMath-Regular) does not define feature 
smcp for script math with language dflt
luaotfload | aux : no font with id 35
luaotfload | load : Lookup/name: "LatinModernMath" -> "latinmodern-math.otf"
luaotfload | load : Lookup/name: "LatinModernMath" -> "latinmodern-math.otf"
.................................................
. fontspec info: "defining-font"
. 
. Font family 'LatinModernMath(0)' created for font 'Latin Modern Math' with
. options
. [Renderer=Basic,BoldItalicFont={},ItalicFont={},Script=Math,SizeFeatures={{Siz
e=14.4-},{Size=10-14.4,Font=Latin
. Modern Math,Style=MathScript},{Size=-10,Font=Latin Modern
. Math,Style=MathScriptScript}}].
. 
. This font family consists of the following NFSS series/shapes:
. - 'normal' (m/n) with NFSS spec.:
. <14.4->"LatinModernMath:mode=base;script=math;language=DFLT;"<10-14.4>"LatinMo
dernMath:mode=base;script=math;language=DFLT;+ssty=0;"<-10>"LatinModernMath:mode
=base;script=math;language=DFLT;+ssty=1;"
. - 'small caps'  (m/sc) with NFSS spec.: 
.................................................
luaotfload | load : Lookup/name: "LatinModernMath" -> "latinmodern-math.otf"
luaotfload | load : Lookup/name: "Latin Modern Math" -> "latinmodern-math.otf"
luaotfload | load : Lookup/name: "Latin Modern Math" -> "latinmodern-math.otf"
luaotfload | load : Lookup/name: "Latin Modern Math" -> "latinmodern-math.otf"
luaotfload | load : Lookup/name: "Latin Modern Math" -> "latinmodern-math.otf"
LaTeX Font Info:    Encoding `OT1' has changed to `EU2' for symbol font
(Font)              `operators' in the math version `normal' on input line 52.
LaTeX Font Info:    Overwriting symbol font `operators' in version `normal'
(Font)                  OT1/cmr/m/n --> EU2/LatinModernMath(0)/m/n on input line
 52.
LaTeX Font Info:    Encoding `OT1' has changed to `EU2' for symbol font
(Font)              `operators' in the math version `bold' on input line 52.
LaTeX Font Info:    Overwriting symbol font `operators' in version `bold'
(Font)                  OT1/cmr/bx/n --> EU2/LatinModernMath(0)/bx/n on input li
ne 52.
luaotfload | load : Lookup/name: "Latin Modern Math" -> "latinmodern-math.otf"
luaotfload | load : Lookup/name: "Latin Modern Math" -> "latinmodern-math.otf"
luaotfload | load : Lookup/name: "Latin Modern Math" -> "latinmodern-math.otf"
luaotfload | load : Lookup/name: "Latin Modern Math" -> "latinmodern-math.otf"
.................................................
. fontspec info: "no-font-shape"
. 
. Could not resolve font Latin Modern Math/B (it probably doesn't exist).
.................................................
luaotfload | load : Lookup/name: "LatinModernMath" -> "latinmodern-math.otf"
luaotfload | load : Lookup/name: "LatinModernMath" -> "latinmodern-math.otf"
luaotfload | aux : font no 35 (LatinModernMath-Regular) does not define feature 
smcp for script math with language dflt
luaotfload | aux : no font with id 35
luaotfload | load : Lookup/name: "LatinModernMath" -> "latinmodern-math.otf"
luaotfload | load : Lookup/name: "LatinModernMath" -> "latinmodern-math.otf"
.................................................
. fontspec info: "defining-font"
. 
. Font family 'LatinModernMath(1)' created for font 'Latin Modern Math' with
. options
. [Renderer=Basic,BoldItalicFont={},ItalicFont={},Script=Math,SizeFeatures={{Siz
e=14.4-},{Size=10-14.4,Font=Latin
. Modern Math,Style=MathScript},{Size=-10,Font=Latin Modern
. Math,Style=MathScriptScript}},Scale=1.00001,FontAdjustment={\fontdimen
. 8\font =638897.086sp\relax \fontdimen 9\font =371824.892sp\relax \fontdimen
. 10\font =419010.792sp\relax \fontdimen 11\font =647390.548sp\relax
. \fontdimen 12\font =325582.71sp\relax \fontdimen 13\font =342569.634sp\relax
. \fontdimen 14\font =342569.634sp\relax \fontdimen 15\font
. =272734.502sp\relax \fontdimen 16\font =233098.346sp\relax \fontdimen
. 17\font =0sp\relax \fontdimen 18\font =235929.5sp\relax \fontdimen 19\font
. =188743.6sp\relax \fontdimen 20\font =0pt\relax \fontdimen 21\font
. =0pt\relax \fontdimen 22\font =235929.5sp\relax }].
. 
. This font family consists of the following NFSS series/shapes:
. - 'normal' (m/n) with NFSS spec.:
. <14.4->s*[1.00001]"LatinModernMath:mode=base;script=math;language=DFLT;"<10-14
.4>s*[1.00001]"LatinModernMath:mode=base;script=math;language=DFLT;+ssty=0;"<-10
>s*[1.00001]"LatinModernMath:mode=base;script=math;language=DFLT;+ssty=1;"
. - 'small caps'  (m/sc) with NFSS spec.: 
. and font adjustment code:
. \fontdimen 8\font =638897.086sp\relax \fontdimen 9\font =371824.892sp\relax
. \fontdimen 10\font =419010.792sp\relax \fontdimen 11\font
. =647390.548sp\relax \fontdimen 12\font =325582.71sp\relax \fontdimen 13\font
. =342569.634sp\relax \fontdimen 14\font =342569.634sp\relax \fontdimen
. 15\font =272734.502sp\relax \fontdimen 16\font =233098.346sp\relax
. \fontdimen 17\font =0sp\relax \fontdimen 18\font =235929.5sp\relax
. \fontdimen 19\font =188743.6sp\relax \fontdimen 20\font =0pt\relax
. \fontdimen 21\font =0pt\relax \fontdimen 22\font =235929.5sp\relax 
.................................................
LaTeX Font Info:    Encoding `OMS' has changed to `EU2' for symbol font
(Font)              `symbols' in the math version `normal' on input line 52.
LaTeX Font Info:    Overwriting symbol font `symbols' in version `normal'
(Font)                  OMS/cmsy/m/n --> EU2/LatinModernMath(1)/m/n on input lin
e 52.
LaTeX Font Info:    Encoding `OMS' has changed to `EU2' for symbol font
(Font)              `symbols' in the math version `bold' on input line 52.
LaTeX Font Info:    Overwriting symbol font `symbols' in version `bold'
(Font)                  OMS/cmsy/b/n --> EU2/LatinModernMath(1)/bx/n on input li
ne 52.
luaotfload | load : Lookup/name: "Latin Modern Math" -> "latinmodern-math.otf"
luaotfload | load : Lookup/name: "Latin Modern Math" -> "latinmodern-math.otf"
luaotfload | load : Lookup/name: "Latin Modern Math" -> "latinmodern-math.otf"
luaotfload | load : Lookup/name: "Latin Modern Math" -> "latinmodern-math.otf"
.................................................
. fontspec info: "no-font-shape"
. 
. Could not resolve font Latin Modern Math/B (it probably doesn't exist).
.................................................
luaotfload | load : Lookup/name: "LatinModernMath" -> "latinmodern-math.otf"
luaotfload | load : Lookup/name: "LatinModernMath" -> "latinmodern-math.otf"
luaotfload | aux : font no 35 (LatinModernMath-Regular) does not define feature 
smcp for script math with language dflt
luaotfload | aux : no font with id 35
luaotfload | load : Lookup/name: "LatinModernMath" -> "latinmodern-math.otf"
luaotfload | load : Lookup/name: "LatinModernMath" -> "latinmodern-math.otf"
.................................................
. fontspec info: "defining-font"
. 
. Font family 'LatinModernMath(2)' created for font 'Latin Modern Math' with
. options
. [Renderer=Basic,BoldItalicFont={},ItalicFont={},Script=Math,SizeFeatures={{Siz
e=14.4-},{Size=10-14.4,Font=Latin
. Modern Math,Style=MathScript},{Size=-10,Font=Latin Modern
. Math,Style=MathScriptScript}},Scale=0.99999,FontAdjustment={\fontdimen
. 8\font =37748.72sp\relax \fontdimen 9\font =188743.6sp\relax \fontdimen
. 10\font =157600.906sp\relax \fontdimen 11\font =104752.698sp\relax
. \fontdimen 12\font =566230.8sp\relax \fontdimen 13\font =0pt\relax }].
. 
. This font family consists of the following NFSS series/shapes:
. - 'normal' (m/n) with NFSS spec.:
. <14.4->s*[0.99999]"LatinModernMath:mode=base;script=math;language=DFLT;"<10-14
.4>s*[0.99999]"LatinModernMath:mode=base;script=math;language=DFLT;+ssty=0;"<-10
>s*[0.99999]"LatinModernMath:mode=base;script=math;language=DFLT;+ssty=1;"
. - 'small caps'  (m/sc) with NFSS spec.: 
. and font adjustment code:
. \fontdimen 8\font =37748.72sp\relax \fontdimen 9\font =188743.6sp\relax
. \fontdimen 10\font =157600.906sp\relax \fontdimen 11\font
. =104752.698sp\relax \fontdimen 12\font =566230.8sp\relax \fontdimen 13\font
. =0pt\relax 
.................................................
LaTeX Font Info:    Encoding `OMX' has changed to `EU2' for symbol font
(Font)              `largesymbols' in the math version `normal' on input line 52
.
LaTeX Font Info:    Overwriting symbol font `largesymbols' in version `normal'
(Font)                  OMX/cmex/m/n --> EU2/LatinModernMath(2)/m/n on input lin
e 52.
LaTeX Font Info:    Encoding `OMX' has changed to `EU2' for symbol font
(Font)              `largesymbols' in the math version `bold' on input line 52.
LaTeX Font Info:    Overwriting symbol font `largesymbols' in version `bold'
(Font)                  OMX/cmex/m/n --> EU2/LatinModernMath(2)/bx/n on input li
ne 52.
 (./main.aux
luatex-hyphen: loading patterns and exceptions for: russian (\language75)
luaotfload | load : Lookup/name: "CMU Serif" -> "cmunrm.otf"
luaotfload | load : Lookup/name: "CMU Serif" -> "cmunrm.otf"
luaotfload | load : Lookup/name: "CMU Serif" -> "cmunrm.otf"
luaotfload | load : Lookup/name: "CMU Serif" -> "cmunrm.otf"
luaotfload | load : Lookup/name: "CMU Serif" -> "cmunbi.otf"
luaotfload | load : Lookup/name: "CMU Serif" -> "cmunrm.otf"
luaotfload | load : Lookup/name: "CMU Serif" -> "cmunbx.otf"
luaotfload | load : Lookup/name: "CMU Serif" -> "cmunrm.otf"
luaotfload | load : Lookup/name: "CMU Serif" -> "cmunti.otf"
luaotfload | load : Lookup/name: "CMUSerif" -> "cmunrm.otf"
luaotfload | load : Lookup/name: "CMUSerif" -> "cmunrm.otf"
luaotfload | load : Lookup/name: "CMUSerif" -> "cmunbx.otf"
luaotfload | load : Lookup/name: "CMUSerif" -> "cmunbx.otf"
luaotfload | load : Lookup/name: "CMUSerif" -> "cmunti.otf"
luaotfload | load : Lookup/name: "CMUSerif" -> "cmunti.otf"
luaotfload | aux : font no 25 (CMUSerif-Italic) does not define feature smcp for
 script cyrl with language dflt
luaotfload | aux : no font with id 25
luaotfload | load : Lookup/name: "CMUSerif" -> "cmunbi.otf"
luaotfload | load : Lookup/name: "CMUSerif" -> "cmunbi.otf"
luaotfload | aux : font no 23 (CMUSerif-BoldItalic) does not define feature smcp
 for script cyrl with language dflt
luaotfload | aux : no font with id 23
.................................................
. fontspec info: "defining-font"
. 
. Font family 'CMUSerif(2)' created for font 'CMU Serif' with options
. [Ligatures=TeX,Script=Cyrillic].
. 
. This font family consists of the following NFSS series/shapes:
. - 'normal' (m/n) with NFSS spec.:
. <->"CMUSerif:mode=node;script=cyrl;language=DFLT;+tlig;"
. - 'small caps'  (m/sc) with NFSS spec.:
. <->"CMUSerif:mode=node;script=cyrl;language=DFLT;+tlig;+smcp;"- 'bold'
. (bx/n) with NFSS spec.:
. <->"CMUSerif/B:mode=node;script=cyrl;language=DFLT;+tlig;"
. - 'bold small caps'  (bx/sc) with NFSS spec.:
. <->"CMUSerif/B:mode=node;script=cyrl;language=DFLT;+tlig;+smcp;"- 'italic'
. (m/it) with NFSS spec.:
. <->"CMUSerif/I:mode=node;script=cyrl;language=DFLT;+tlig;"
. - 'italic small caps'  (m/itsc) with NFSS spec.: - 'bold italic' (bx/it)
. with NFSS spec.: <->"CMUSerif/BI:mode=node;script=cyrl;language=DFLT;+tlig;"
. - 'bold italic small caps'  (bx/itsc) with NFSS spec.: 
.................................................
luaotfload | load : Lookup/name: "CMUSerif" -> "cmunrm.otf"
luaotfload | load : Lookup/name: "CMU Serif" -> "cmunrm.otf"
luaotfload | aux : font no 39 (CMUSerif-Roman) defines no feature for script cyr
l with language rus
luaotfload | aux : no font with id 39
luaotfload | load : Lookup/name: "CMU Serif" -> "cmunrm.otf"
luaotfload | load : Lookup/name: "CMU Serif" -> "cmunrm.otf"
luaotfload | load : Lookup/name: "CMU Serif" -> "cmunrm.otf"
luaotfload | load : Lookup/name: "CMU Serif" -> "cmunrm.otf"
luaotfload | aux : font no 39 (CMUSerif-Roman) defines no feature for script cyr
l with language rus
luaotfload | aux : no font with id 39)
\openout1 = main.aux

LaTeX Font Info:    Checking defaults for OML/cmm/m/it on input line 55.
LaTeX Font Info:    ... okay on input line 55.
LaTeX Font Info:    Checking defaults for T1/cmr/m/n on input line 55.
LaTeX Font Info:    ... okay on input line 55.
LaTeX Font Info:    Checking defaults for OT1/cmr/m/n on input line 55.
LaTeX Font Info:    ... okay on input line 55.
LaTeX Font Info:    Checking defaults for OMS/cmsy/m/n on input line 55.
LaTeX Font Info:    ... okay on input line 55.
LaTeX Font Info:    Checking defaults for OMX/cmex/m/n on input line 55.
LaTeX Font Info:    ... okay on input line 55.
LaTeX Font Info:    Checking defaults for U/cmr/m/n on input line 55.
LaTeX Font Info:    ... okay on input line 55.
LaTeX Font Info:    Checking defaults for EU2/lmr/m/n on input line 55.
LaTeX Font Info:    ... okay on input line 55.
LaTeX Font Info:    Checking defaults for T3/cmr/m/n on input line 55.
LaTeX Font Info:    Try loading font information for T3+cmr on input line 55.

(/usr/share/texmf/tex/latex/tipa/t3cmr.fd
File: t3cmr.fd 2001/12/31 TIPA font definitions
)
LaTeX Font Info:    ... okay on input line 55.
LaTeX Font Info:    Checking defaults for TS1/cmr/m/n on input line 55.
LaTeX Font Info:    ... okay on input line 55.

(/usr/share/texlive/texmf-dist/tex/context/base/supp-pdf.mkii
[Loading MPS to PDF converter (version 2006.09.02).]
\scratchcounter=\count168
\scratchdimen=\dimen260
\scratchbox=\box56
\nofMPsegments=\count169
\nofMParguments=\count170
\everyMPshowfont=\toks45
\MPscratchCnt=\count171
\MPscratchDim=\dimen261
\MPnumerator=\count172
\makeMPintoPDFobject=\count173
\everyMPtoPDFconversion=\toks46
) (/usr/share/texlive/texmf-dist/tex/generic/oberdiek/pdftexcmds.sty
Package: pdftexcmds 2011/11/29 v0.20 Utility functions of pdfTeX for LuaTeX (HO)

Package pdftexcmds Info: \pdf@primitive is available.
Package pdftexcmds Info: \pdf@ifprimitive is available.
Package pdftexcmds Info: \pdfdraftmode found.

(/usr/share/texlive/texmf-dist/tex/generic/oberdiek/luatex-loader.sty
Package: luatex-loader 2010/03/09 v0.4 Lua module loader (HO)

(/usr/share/texlive/texmf-dist/scripts/oberdiek/oberdiek.luatex.lua))
\pdftexcmds@toks=\toks47
)
(/usr/share/texlive/texmf-dist/tex/latex/oberdiek/epstopdf-base.sty
Package: epstopdf-base 2010/02/09 v2.5 Base part for package epstopdf

(/usr/share/texlive/texmf-dist/tex/latex/oberdiek/grfext.sty
Package: grfext 2010/08/19 v1.1 Manage graphics extensions (HO)

(/usr/share/texlive/texmf-dist/tex/generic/oberdiek/kvdefinekeys.sty
Package: kvdefinekeys 2011/04/07 v1.3 Define keys (HO)
))
(/usr/share/texlive/texmf-dist/tex/latex/oberdiek/kvoptions.sty
Package: kvoptions 2011/06/30 v3.11 Key value format for package options (HO)

(/usr/share/texlive/texmf-dist/tex/generic/oberdiek/kvsetkeys.sty
Package: kvsetkeys 2012/04/25 v1.16 Key value parser (HO)

(/usr/share/texlive/texmf-dist/tex/generic/oberdiek/etexcmds.sty
Package: etexcmds 2011/02/16 v1.5 Avoid name clashes with e-TeX commands (HO)
)))
Package grfext Info: Graphics extension search list:
(grfext)             [.png,.pdf,.jpg,.mps,.tif,.jpeg,.PNG,.PDF,.JPG,.JPEG,.eps]
(grfext)             \AppendGraphicsExtensions on input line 452.

(/usr/share/texlive/texmf-dist/tex/latex/latexconfig/epstopdf-sys.cfg
File: epstopdf-sys.cfg 2010/07/13 v1.3 Configuration of (r)epstopdf for TeX Live

))
*geometry* driver: auto-detecting
*geometry* detected driver: pdftex
*geometry* verbose mode - [ preamble ] result:
* driver: pdftex
* paper: <default>
* layout: <same size as paper>
* layoutoffset:(h,v)=(0.0pt,0.0pt)
* modes: 
* h-part:(L,W,R)=(36.135pt, 542.02501pt, 36.135pt)
* v-part:(T,H,B)=(36.135pt, 722.7pt, 36.135pt)
* \paperwidth=614.295pt
* \paperheight=794.96999pt
* \textwidth=542.02501pt
* \textheight=722.7pt
* \oddsidemargin=-36.135pt
* \evensidemargin=-36.135pt
* \topmargin=-75.135pt
* \headheight=14.0pt
* \headsep=25.0pt
* \topskip=14.0pt
* \footskip=30.0pt
* \marginparwidth=24.0pt
* \marginparsep=10.0pt
* \columnsep=10.0pt
* \skip\footins=12.0pt plus 4.0pt minus 2.0pt
* \hoffset=0.0pt
* \voffset=0.0pt
* \mag=1000
* \@twocolumnfalse
* \@twosidefalse
* \@mparswitchfalse
* \@reversemarginfalse
* (1in=72.27pt=25.4mm, 1cm=28.453pt)

ABD: EveryShipout initializing macros
luaotfload | load : Lookup/name: "CMU Serif" -> "cmunrm.otf"
luaotfload | load : Lookup/name: "CMU Serif" -> "cmunrm.otf"
luaotfload | load : Lookup/name: "CMU Serif" -> "cmunrm.otf"
luaotfload | load : Lookup/name: "CMU Serif" -> "cmunrm.otf"
luaotfload | aux : font no 39 (CMUSerif-Roman) defines no feature for script cyr
l with language rus
luaotfload | aux : no font with id 39
luatex-hyphen: loading patterns and exceptions for: russian (\language75)
luaotfload | load : Lookup/name: "CMU Serif" -> "cmunrm.otf"
luaotfload | load : Lookup/name: "CMU Serif" -> "cmunrm.otf"
luaotfload | load : Lookup/name: "CMU Serif" -> "cmunrm.otf"
luaotfload | load : Lookup/name: "CMU Serif" -> "cmunrm.otf"
luaotfload | aux : font no 39 (CMUSerif-Roman) defines no feature for script cyr
l with language rus
luaotfload | aux : no font with id 39
luaotfload | load : Lookup/name: "CMU Serif" -> "cmunrm.otf"
luaotfload | load : Lookup/name: "CMU Serif" -> "cmunrm.otf"
luaotfload | load : Lookup/name: "CMU Serif" -> "cmunrm.otf"
luaotfload | load : Lookup/name: "CMU Serif" -> "cmunrm.otf"
luaotfload | aux : font no 39 (CMUSerif-Roman) defines no feature for script cyr
l with language rus
luaotfload | aux : no font with id 39
luaotfload | load : Lookup/name: "CMUSerif" -> "cmunti.otf"
luaotfload | load : Lookup/name: "CMUSerif" -> "cmunti.otf"
luaotfload | load : Lookup/name: "CMU Serif" -> "cmunrm.otf"
luaotfload | load : Lookup/name: "CMU Serif" -> "cmunrm.otf"
luaotfload | load : Lookup/name: "CMU Serif" -> "cmunrm.otf"
luaotfload | load : Lookup/name: "CMU Serif" -> "cmunrm.otf"
luaotfload | aux : font no 39 (CMUSerif-Roman) defines no feature for script cyr
l with language rus
luaotfload | aux : no font with id 39
luaotfload | load : Lookup/name: "CMUSerif" -> "cmunbi.otf"
luaotfload | load : Lookup/name: "CMUSerif" -> "cmunbx.otf"
luaotfload | load : Lookup/name: "LatinModernMath" -> "latinmodern-math.otf"
luaotfload | load : Lookup/name: "LatinModernMath" -> "latinmodern-math.otf"
LaTeX Font Info:    Font shape `EU2/LatinModernMath(1)/m/n' will be
(Font)              scaled to size 14.4002pt on input line 68.
luaotfload | load : Lookup/name: "LatinModernMath" -> "latinmodern-math.otf"
LaTeX Font Info:    Font shape `EU2/LatinModernMath(1)/m/n' will be
(Font)              scaled to size 10.09795pt on input line 68.
luaotfload | load : Lookup/name: "LatinModernMath" -> "latinmodern-math.otf"
LaTeX Font Info:    Font shape `EU2/LatinModernMath(1)/m/n' will be
(Font)              scaled to size 7.17236pt on input line 68.
luaotfload | load : Lookup/name: "LatinModernMath" -> "latinmodern-math.otf"
LaTeX Font Info:    Font shape `EU2/LatinModernMath(2)/m/n' will be
(Font)              scaled to size 14.39977pt on input line 68.
luaotfload | load : Lookup/name: "LatinModernMath" -> "latinmodern-math.otf"
LaTeX Font Info:    Font shape `EU2/LatinModernMath(2)/m/n' will be
(Font)              scaled to size 10.09763pt on input line 68.
luaotfload | load : Lookup/name: "LatinModernMath" -> "latinmodern-math.otf"
LaTeX Font Info:    Font shape `EU2/LatinModernMath(2)/m/n' will be
(Font)              scaled to size 7.17213pt on input line 68.
luaotfload | load : Lookup/name: "LatinModernMath" -> "latinmodern-math.otf"
LaTeX Font Info:    Try loading font information for U+msa on input line 68.

(/usr/share/texlive/texmf-dist/tex/latex/amsfonts/umsa.fd
File: umsa.fd 2013/01/14 v3.01 AMS symbols A
)
LaTeX Font Info:    Try loading font information for U+msb on input line 68.

(/usr/share/texlive/texmf-dist/tex/latex/amsfonts/umsb.fd
File: umsb.fd 2013/01/14 v3.01 AMS symbols B
)
luaotfload | load : Lookup/name: "CMU Serif" -> "cmunrm.otf"
luaotfload | load : Lookup/name: "CMU Serif" -> "cmunrm.otf"
luaotfload | load : Lookup/name: "CMU Serif" -> "cmunrm.otf"
luaotfload | load : Lookup/name: "CMU Serif" -> "cmunrm.otf"
luaotfload | aux : font no 39 (CMUSerif-Roman) defines no feature for script cyr
l with language rus
luaotfload | aux : no font with id 39
luaotfload | load : Lookup/name: "CMU Serif" -> "cmunrm.otf"
luaotfload | load : Lookup/name: "CMU Serif" -> "cmunrm.otf"
luaotfload | load : Lookup/name: "CMU Serif" -> "cmunrm.otf"
luaotfload | load : Lookup/name: "CMU Serif" -> "cmunrm.otf"
luaotfload | aux : font no 39 (CMUSerif-Roman) defines no feature for script cyr
l with language rus
luaotfload | aux : no font with id 39
luaotfload | load : Lookup/name: "CMU Serif" -> "cmunrm.otf"
luaotfload | load : Lookup/name: "CMU Serif" -> "cmunrm.otf"
luaotfload | load : Lookup/name: "CMU Serif" -> "cmunrm.otf"
luaotfload | load : Lookup/name: "CMU Serif" -> "cmunrm.otf"
luaotfload | aux : font no 39 (CMUSerif-Roman) defines no feature for script cyr
l with language rus
luaotfload | aux : no font with id 39
<./img/img.pdf, id=4, 284.83412pt x 220.28297pt>
File: ./img/img.pdf Graphic file (type pdf)
 <use ./img/img.pdf>
Package pdftex.def Info: ./img/img.pdf used on input line 74.
(pdftex.def)             Requested size: 441.48396pt x 341.43306pt.
luaotfload | load : Lookup/name: "CMUSerif" -> "cmunrm.otf"
luaotfload | load : Lookup/name: "LatinModernMath" -> "latinmodern-math.otf"
luaotfload | load : Lookup/name: "LatinModernMath" -> "latinmodern-math.otf"
luaotfload | load : Lookup/name: "LatinModernMath" -> "latinmodern-math.otf"
luaotfload | load : Lookup/name: "LatinModernMath" -> "latinmodern-math.otf"
luaotfload | load : Lookup/name: "LatinModernMath" -> "latinmodern-math.otf"
luaotfload | load : Lookup/name: "LatinModernMath" -> "latinmodern-math.otf"
luaotfload | load : Lookup/name: "CMUSerif" -> "cmunrm.otf"
luaotfload | load : Lookup/name: "LatinModernMath" -> "latinmodern-math.otf"
luaotfload | load : Lookup/name: "LatinModernMath" -> "latinmodern-math.otf"
luaotfload | load : Lookup/name: "LatinModernMath" -> "latinmodern-math.otf"
luaotfload | load : Lookup/name: "LatinModernMath" -> "latinmodern-math.otf"
luaotfload | load : Lookup/name: "LatinModernMath" -> "latinmodern-math.otf"
luaotfload | load : Lookup/name: "LatinModernMath" -> "latinmodern-math.otf"
luaotfload | load : Lookup/name: "CMU Serif" -> "cmunrm.otf"
luaotfload | load : Lookup/name: "CMU Serif" -> "cmunrm.otf"
luaotfload | load : Lookup/name: "CMU Serif" -> "cmunrm.otf"
luaotfload | load : Lookup/name: "CMU Serif" -> "cmunrm.otf"
luaotfload | aux : font no 39 (CMUSerif-Roman) defines no feature for script cyr
l with language rus
luaotfload | aux : no font with id 39
luaotfload | load : Lookup/name: "CMU Serif" -> "cmunrm.otf"
luaotfload | load : Lookup/name: "CMU Serif" -> "cmunrm.otf"
luaotfload | load : Lookup/name: "CMU Serif" -> "cmunrm.otf"
luaotfload | load : Lookup/name: "CMU Serif" -> "cmunrm.otf"
luaotfload | aux : font no 39 (CMUSerif-Roman) defines no feature for script cyr
l with language rus
luaotfload | aux : no font with id 39
luaotfload | load : Lookup/name: "CMU Serif" -> "cmunrm.otf"
luaotfload | load : Lookup/name: "CMU Serif" -> "cmunrm.otf"
luaotfload | load : Lookup/name: "CMU Serif" -> "cmunrm.otf"
luaotfload | load : Lookup/name: "CMU Serif" -> "cmunrm.otf"
luaotfload | aux : font no 39 (CMUSerif-Roman) defines no feature for script cyr
l with language rus
luaotfload | aux : no font with id 39
luaotfload | load : Lookup/name: "CMU Serif" -> "cmunrm.otf"
luaotfload | load : Lookup/name: "CMU Serif" -> "cmunrm.otf"
luaotfload | load : Lookup/name: "CMU Serif" -> "cmunrm.otf"
luaotfload | load : Lookup/name: "CMU Serif" -> "cmunrm.otf"
luaotfload | aux : font no 39 (CMUSerif-Roman) defines no feature for script cyr
l with language rus
luaotfload | aux : no font with id 39 [1

{/var/lib/texmf/fonts/map/pdftex/updmap/pdftex.map}<./img/img.pdf>] (./main.aux
luaotfload | load : Lookup/name: "CMU Serif" -> "cmunrm.otf"
luaotfload | load : Lookup/name: "CMU Serif" -> "cmunrm.otf"
luaotfload | load : Lookup/name: "CMU Serif" -> "cmunrm.otf"
luaotfload | load : Lookup/name: "CMU Serif" -> "cmunrm.otf"
luaotfload | aux : font no 39 (CMUSerif-Roman) defines no feature for script cyr
l with language rus
luaotfload | aux : no font with id 39
luaotfload | load : Lookup/name: "CMU Serif" -> "cmunrm.otf"
luaotfload | load : Lookup/name: "CMU Serif" -> "cmunrm.otf"
luaotfload | load : Lookup/name: "CMU Serif" -> "cmunrm.otf"
luaotfload | load : Lookup/name: "CMU Serif" -> "cmunrm.otf"
luaotfload | aux : font no 39 (CMUSerif-Roman) defines no feature for script cyr
l with language rus
luaotfload | aux : no font with id 39))

Here is how much of LuaTeX's memory you used:
 32108 strings out of 495004
 125171,794899 words of node,token memory allocated
 371 words of node memory still in use:
   6 hlist, 2 vlist, 2 rule, 2 glue, 1 kern, 4 attribute, 47 glue_spec, 4 attrib
ute_list, 1 write nodes
   avail lists: 1:4,2:843,3:244,4:645,5:77,6:736,7:9,9:186,10:91
 34211 multiletter control sequences out of 65536+600000
 86 fonts using 25149559 bytes
 66i,11n,66p,956b,666s stack positions out of 5000i,500n,10000p,200000b,100000s
</usr/share/texmf/fonts/opentype/public/lm-math/latinmodern-math.otf></usr/share
/texmf/fonts/opentype/public/lm-math/latinmodern-math.otf></usr/share/texmf/font
s/opentype/public/lm-math/latinmodern-math.otf></usr/share/texlive/texmf-dist/fo
nts/opentype/public/cm-unicode/cmunrm.otf></usr/share/texlive/texmf-dist/fonts/o
pentype/public/cm-unicode/cmunbi.otf></usr/share/texlive/texmf-dist/fonts/openty
pe/public/cm-unicode/cmunbx.otf><</usr/share/texlive/texmf-dist/fonts/type1/publ
ic/amsfonts/symbols/msam10.pfb>
Output written on main.pdf (1 page, 37089 bytes).

PDF statistics: 76 PDF objects out of 1000 (max. 8388607)
 47 compressed objects within 1 object stream
 0 named destinations out of 1000 (max. 131072)
 16 words of extra memory for PDF output out of 10000 (max. 10000000)

